{"total": {"lines":{"total":371,"covered":99,"skipped":0,"pct":26.68},"statements":{"total":373,"covered":99,"skipped":0,"pct":26.54},"functions":{"total":94,"covered":25,"skipped":0,"pct":26.59},"branches":{"total":141,"covered":45,"skipped":0,"pct":31.91},"branchesTrue":{"total":0,"covered":0,"skipped":0,"pct":100}}
,"C:\\Users\\wbrob\\Desktop\\CS498 Proj\\Placenet-App-Frontend\\API\\api.js": {"lines":{"total":26,"covered":3,"skipped":0,"pct":11.53},"functions":{"total":4,"covered":0,"skipped":0,"pct":0},"statements":{"total":26,"covered":3,"skipped":0,"pct":11.53},"branches":{"total":14,"covered":0,"skipped":0,"pct":0}}
,"C:\\Users\\wbrob\\Desktop\\CS498 Proj\\Placenet-App-Frontend\\app\\document.tsx": {"lines":{"total":69,"covered":1,"skipped":0,"pct":1.44},"functions":{"total":20,"covered":0,"skipped":0,"pct":0},"statements":{"total":70,"covered":1,"skipped":0,"pct":1.42},"branches":{"total":16,"covered":0,"skipped":0,"pct":0}}
,"C:\\Users\\wbrob\\Desktop\\CS498 Proj\\Placenet-App-Frontend\\app\\index.tsx": {"lines":{"total":4,"covered":4,"skipped":0,"pct":100},"functions":{"total":3,"covered":3,"skipped":0,"pct":100},"statements":{"total":4,"covered":4,"skipped":0,"pct":100},"branches":{"total":0,"covered":0,"skipped":0,"pct":100}}
,"C:\\Users\\wbrob\\Desktop\\CS498 Proj\\Placenet-App-Frontend\\app\\listing_summaries.tsx": {"lines":{"total":28,"covered":0,"skipped":0,"pct":0},"functions":{"total":7,"covered":0,"skipped":0,"pct":0},"statements":{"total":28,"covered":0,"skipped":0,"pct":0},"branches":{"total":10,"covered":0,"skipped":0,"pct":0}}
,"C:\\Users\\wbrob\\Desktop\\CS498 Proj\\Placenet-App-Frontend\\app\\main.tsx": {"lines":{"total":7,"covered":7,"skipped":0,"pct":100},"functions":{"total":6,"covered":6,"skipped":0,"pct":100},"statements":{"total":7,"covered":7,"skipped":0,"pct":100},"branches":{"total":0,"covered":0,"skipped":0,"pct":100}}
,"C:\\Users\\wbrob\\Desktop\\CS498 Proj\\Placenet-App-Frontend\\app\\navigation_bar.tsx": {"lines":{"total":23,"covered":23,"skipped":0,"pct":100},"functions":{"total":3,"covered":3,"skipped":0,"pct":100},"statements":{"total":23,"covered":23,"skipped":0,"pct":100},"branches":{"total":24,"covered":24,"skipped":0,"pct":100}}
,"C:\\Users\\wbrob\\Desktop\\CS498 Proj\\Placenet-App-Frontend\\app\\project.tsx": {"lines":{"total":88,"covered":1,"skipped":0,"pct":1.13},"functions":{"total":22,"covered":0,"skipped":0,"pct":0},"statements":{"total":89,"covered":1,"skipped":0,"pct":1.12},"branches":{"total":30,"covered":0,"skipped":0,"pct":0}}
,"C:\\Users\\wbrob\\Desktop\\CS498 Proj\\Placenet-App-Frontend\\app\\property.tsx": {"lines":{"total":56,"covered":34,"skipped":0,"pct":60.71},"functions":{"total":12,"covered":7,"skipped":0,"pct":58.33},"statements":{"total":56,"covered":34,"skipped":0,"pct":60.71},"branches":{"total":12,"covered":9,"skipped":0,"pct":75}}
,"C:\\Users\\wbrob\\Desktop\\CS498 Proj\\Placenet-App-Frontend\\app\\property_summary.tsx": {"lines":{"total":22,"covered":0,"skipped":0,"pct":0},"functions":{"total":8,"covered":0,"skipped":0,"pct":0},"statements":{"total":22,"covered":0,"skipped":0,"pct":0},"branches":{"total":10,"covered":0,"skipped":0,"pct":0}}
,"C:\\Users\\wbrob\\Desktop\\CS498 Proj\\Placenet-App-Frontend\\app\\sign_in.tsx": {"lines":{"total":19,"covered":6,"skipped":0,"pct":31.57},"functions":{"total":3,"covered":2,"skipped":0,"pct":66.66},"statements":{"total":19,"covered":6,"skipped":0,"pct":31.57},"branches":{"total":4,"covered":1,"skipped":0,"pct":25}}
,"C:\\Users\\wbrob\\Desktop\\CS498 Proj\\Placenet-App-Frontend\\app\\sign_up.tsx": {"lines":{"total":17,"covered":9,"skipped":0,"pct":52.94},"functions":{"total":4,"covered":2,"skipped":0,"pct":50},"statements":{"total":17,"covered":9,"skipped":0,"pct":52.94},"branches":{"total":6,"covered":3,"skipped":0,"pct":50}}
,"C:\\Users\\wbrob\\Desktop\\CS498 Proj\\Placenet-App-Frontend\\assets\\placenet.png": {"lines":{"total":1,"covered":1,"skipped":0,"pct":100},"functions":{"total":0,"covered":0,"skipped":0,"pct":100},"statements":{"total":1,"covered":1,"skipped":0,"pct":100},"branches":{"total":0,"covered":0,"skipped":0,"pct":100}}
,"C:\\Users\\wbrob\\Desktop\\CS498 Proj\\Placenet-App-Frontend\\components\\ThemedText.tsx": {"lines":{"total":3,"covered":3,"skipped":0,"pct":100},"functions":{"total":1,"covered":1,"skipped":0,"pct":100},"statements":{"total":3,"covered":3,"skipped":0,"pct":100},"branches":{"total":11,"covered":6,"skipped":0,"pct":54.54}}
,"C:\\Users\\wbrob\\Desktop\\CS498 Proj\\Placenet-App-Frontend\\constants\\Colors.ts": {"lines":{"total":3,"covered":3,"skipped":0,"pct":100},"functions":{"total":0,"covered":0,"skipped":0,"pct":100},"statements":{"total":3,"covered":3,"skipped":0,"pct":100},"branches":{"total":0,"covered":0,"skipped":0,"pct":100}}
,"C:\\Users\\wbrob\\Desktop\\CS498 Proj\\Placenet-App-Frontend\\hooks\\useThemeColor.ts": {"lines":{"total":5,"covered":4,"skipped":0,"pct":80},"functions":{"total":1,"covered":1,"skipped":0,"pct":100},"statements":{"total":5,"covered":4,"skipped":0,"pct":80},"branches":{"total":4,"covered":2,"skipped":0,"pct":50}}
,"C:\\Users\\wbrob\\Desktop\\CS498 Proj\\Placenet-App-Frontend\\styles\\documentStyles.js": {"lines":{"total":0,"covered":0,"skipped":0,"pct":100},"functions":{"total":0,"covered":0,"skipped":0,"pct":100},"statements":{"total":0,"covered":0,"skipped":0,"pct":100},"branches":{"total":0,"covered":0,"skipped":0,"pct":100}}
,"C:\\Users\\wbrob\\Desktop\\CS498 Proj\\Placenet-App-Frontend\\styles\\indexStyles.js": {"lines":{"total":0,"covered":0,"skipped":0,"pct":100},"functions":{"total":0,"covered":0,"skipped":0,"pct":100},"statements":{"total":0,"covered":0,"skipped":0,"pct":100},"branches":{"total":0,"covered":0,"skipped":0,"pct":100}}
,"C:\\Users\\wbrob\\Desktop\\CS498 Proj\\Placenet-App-Frontend\\styles\\listing_summariesStyles.js": {"lines":{"total":0,"covered":0,"skipped":0,"pct":100},"functions":{"total":0,"covered":0,"skipped":0,"pct":100},"statements":{"total":0,"covered":0,"skipped":0,"pct":100},"branches":{"total":0,"covered":0,"skipped":0,"pct":100}}
,"C:\\Users\\wbrob\\Desktop\\CS498 Proj\\Placenet-App-Frontend\\styles\\mainStyles.js": {"lines":{"total":0,"covered":0,"skipped":0,"pct":100},"functions":{"total":0,"covered":0,"skipped":0,"pct":100},"statements":{"total":0,"covered":0,"skipped":0,"pct":100},"branches":{"total":0,"covered":0,"skipped":0,"pct":100}}
,"C:\\Users\\wbrob\\Desktop\\CS498 Proj\\Placenet-App-Frontend\\styles\\navigation_barStyles.js": {"lines":{"total":0,"covered":0,"skipped":0,"pct":100},"functions":{"total":0,"covered":0,"skipped":0,"pct":100},"statements":{"total":0,"covered":0,"skipped":0,"pct":100},"branches":{"total":0,"covered":0,"skipped":0,"pct":100}}
,"C:\\Users\\wbrob\\Desktop\\CS498 Proj\\Placenet-App-Frontend\\styles\\projectStyles.js": {"lines":{"total":0,"covered":0,"skipped":0,"pct":100},"functions":{"total":0,"covered":0,"skipped":0,"pct":100},"statements":{"total":0,"covered":0,"skipped":0,"pct":100},"branches":{"total":0,"covered":0,"skipped":0,"pct":100}}
,"C:\\Users\\wbrob\\Desktop\\CS498 Proj\\Placenet-App-Frontend\\styles\\propertyStyles.js": {"lines":{"total":0,"covered":0,"skipped":0,"pct":100},"functions":{"total":0,"covered":0,"skipped":0,"pct":100},"statements":{"total":0,"covered":0,"skipped":0,"pct":100},"branches":{"total":0,"covered":0,"skipped":0,"pct":100}}
,"C:\\Users\\wbrob\\Desktop\\CS498 Proj\\Placenet-App-Frontend\\styles\\property_summaryStyle.js": {"lines":{"total":0,"covered":0,"skipped":0,"pct":100},"functions":{"total":0,"covered":0,"skipped":0,"pct":100},"statements":{"total":0,"covered":0,"skipped":0,"pct":100},"branches":{"total":0,"covered":0,"skipped":0,"pct":100}}
,"C:\\Users\\wbrob\\Desktop\\CS498 Proj\\Placenet-App-Frontend\\styles\\sign_inStyles.js": {"lines":{"total":0,"covered":0,"skipped":0,"pct":100},"functions":{"total":0,"covered":0,"skipped":0,"pct":100},"statements":{"total":0,"covered":0,"skipped":0,"pct":100},"branches":{"total":0,"covered":0,"skipped":0,"pct":100}}
,"C:\\Users\\wbrob\\Desktop\\CS498 Proj\\Placenet-App-Frontend\\styles\\sign_upStyles.js": {"lines":{"total":0,"covered":0,"skipped":0,"pct":100},"functions":{"total":0,"covered":0,"skipped":0,"pct":100},"statements":{"total":0,"covered":0,"skipped":0,"pct":100},"branches":{"total":0,"covered":0,"skipped":0,"pct":100}}
}
