{"C:\\Users\\wbrob\\Desktop\\CS498 Proj\\Placenet-App-Frontend\\API\\api.js": {"path":"C:\\Users\\wbrob\\Desktop\\CS498 Proj\\Placenet-App-Frontend\\API\\api.js","statementMap":{"0":{"start":{"line":9,"column":12},"end":{"line":13,"column":2}},"1":{"start":{"line":17,"column":0},"end":{"line":28,"column":3}},"2":{"start":{"line":18,"column":17},"end":{"line":18,"column":60}},"3":{"start":{"line":19,"column":3},"end":{"line":24,"column":4}},"4":{"start":{"line":20,"column":4},"end":{"line":20,"column":51}},"5":{"start":{"line":21,"column":4},"end":{"line":21,"column":53}},"6":{"start":{"line":23,"column":4},"end":{"line":23,"column":34}},"7":{"start":{"line":25,"column":3},"end":{"line":25,"column":17}},"8":{"start":{"line":27,"column":3},"end":{"line":27,"column":32}},"9":{"start":{"line":32,"column":0},"end":{"line":59,"column":2}},"10":{"start":{"line":33,"column":17},"end":{"line":33,"column":25}},"11":{"start":{"line":35,"column":7},"end":{"line":56,"column":8}},"12":{"start":{"line":36,"column":11},"end":{"line":51,"column":12}},"13":{"start":{"line":37,"column":15},"end":{"line":37,"column":71}},"14":{"start":{"line":38,"column":15},"end":{"line":50,"column":16}},"15":{"start":{"line":39,"column":16},"end":{"line":39,"column":43}},"16":{"start":{"line":40,"column":16},"end":{"line":47,"column":17}},"17":{"start":{"line":41,"column":20},"end":{"line":41,"column":73}},"18":{"start":{"line":42,"column":20},"end":{"line":42,"column":67}},"19":{"start":{"line":43,"column":20},"end":{"line":43,"column":64}},"20":{"start":{"line":44,"column":20},"end":{"line":44,"column":49}},"21":{"start":{"line":46,"column":20},"end":{"line":46,"column":79}},"22":{"start":{"line":52,"column":14},"end":{"line":56,"column":8}},"23":{"start":{"line":53,"column":11},"end":{"line":53,"column":65}},"24":{"start":{"line":55,"column":11},"end":{"line":55,"column":56}},"25":{"start":{"line":57,"column":7},"end":{"line":57,"column":36}}},"fnMap":{"0":{"name":"(anonymous_0)","decl":{"start":{"line":17,"column":29},"end":{"line":17,"column":30}},"loc":{"start":{"line":17,"column":45},"end":{"line":26,"column":1}},"line":17},"1":{"name":"(anonymous_1)","decl":{"start":{"line":26,"column":3},"end":{"line":26,"column":4}},"loc":{"start":{"line":26,"column":14},"end":{"line":28,"column":1}},"line":26},"2":{"name":"(anonymous_2)","decl":{"start":{"line":33,"column":3},"end":{"line":33,"column":4}},"loc":{"start":{"line":33,"column":17},"end":{"line":33,"column":25}},"line":33},"3":{"name":"(anonymous_3)","decl":{"start":{"line":34,"column":3},"end":{"line":34,"column":4}},"loc":{"start":{"line":34,"column":20},"end":{"line":58,"column":4}},"line":34}},"branchMap":{"0":{"loc":{"start":{"line":19,"column":3},"end":{"line":24,"column":4}},"type":"if","locations":[{"start":{"line":19,"column":3},"end":{"line":24,"column":4}},{"start":{"line":22,"column":8},"end":{"line":24,"column":4}}],"line":19},"1":{"loc":{"start":{"line":35,"column":7},"end":{"line":56,"column":8}},"type":"if","locations":[{"start":{"line":35,"column":7},"end":{"line":56,"column":8}},{"start":{"line":52,"column":14},"end":{"line":56,"column":8}}],"line":35},"2":{"loc":{"start":{"line":36,"column":11},"end":{"line":51,"column":12}},"type":"if","locations":[{"start":{"line":36,"column":11},"end":{"line":51,"column":12}},{"start":{},"end":{}}],"line":36},"3":{"loc":{"start":{"line":36,"column":15},"end":{"line":36,"column":77}},"type":"binary-expr","locations":[{"start":{"line":36,"column":15},"end":{"line":36,"column":44}},{"start":{"line":36,"column":48},"end":{"line":36,"column":77}}],"line":36},"4":{"loc":{"start":{"line":38,"column":15},"end":{"line":50,"column":16}},"type":"if","locations":[{"start":{"line":38,"column":15},"end":{"line":50,"column":16}},{"start":{},"end":{}}],"line":38},"5":{"loc":{"start":{"line":38,"column":19},"end":{"line":38,"column":55}},"type":"binary-expr","locations":[{"start":{"line":38,"column":19},"end":{"line":38,"column":31}},{"start":{"line":38,"column":35},"end":{"line":38,"column":55}}],"line":38},"6":{"loc":{"start":{"line":52,"column":14},"end":{"line":56,"column":8}},"type":"if","locations":[{"start":{"line":52,"column":14},"end":{"line":56,"column":8}},{"start":{"line":54,"column":14},"end":{"line":56,"column":8}}],"line":52}},"s":{"0":3,"1":3,"2":0,"3":0,"4":0,"5":0,"6":0,"7":0,"8":0,"9":3,"10":0,"11":0,"12":0,"13":0,"14":0,"15":0,"16":0,"17":0,"18":0,"19":0,"20":0,"21":0,"22":0,"23":0,"24":0,"25":0},"f":{"0":0,"1":0,"2":0,"3":0},"b":{"0":[0,0],"1":[0,0],"2":[0,0],"3":[0,0],"4":[0,0],"5":[0,0],"6":[0,0]},"_coverageSchema":"1a1c01bbd47fc00a2c39e90264f33305004495a9","hash":"bafa57e86713889c67b36d91e30a4fe632a6f32f"}
,"C:\\Users\\wbrob\\Desktop\\CS498 Proj\\Placenet-App-Frontend\\app\\document.tsx": {"path":"C:\\Users\\wbrob\\Desktop\\CS498 Proj\\Placenet-App-Frontend\\app\\document.tsx","statementMap":{"0":{"start":{"line":24,"column":19},"end":{"line":222,"column":1}},"1":{"start":{"line":25,"column":34},"end":{"line":25,"column":46}},"2":{"start":{"line":26,"column":48},"end":{"line":26,"column":62}},"3":{"start":{"line":27,"column":36},"end":{"line":27,"column":48}},"4":{"start":{"line":28,"column":52},"end":{"line":28,"column":102}},"5":{"start":{"line":30,"column":2},"end":{"line":41,"column":9}},"6":{"start":{"line":31,"column":26},"end":{"line":39,"column":5}},"7":{"start":{"line":32,"column":6},"end":{"line":38,"column":7}},"8":{"start":{"line":33,"column":25},"end":{"line":33,"column":51}},"9":{"start":{"line":34,"column":8},"end":{"line":34,"column":35}},"10":{"start":{"line":36,"column":8},"end":{"line":36,"column":58}},"11":{"start":{"line":40,"column":4},"end":{"line":40,"column":20}},"12":{"start":{"line":43,"column":25},"end":{"line":51,"column":3}},"13":{"start":{"line":44,"column":4},"end":{"line":50,"column":5}},"14":{"start":{"line":45,"column":23},"end":{"line":45,"column":74}},"15":{"start":{"line":46,"column":6},"end":{"line":46,"column":34}},"16":{"start":{"line":48,"column":6},"end":{"line":48,"column":57}},"17":{"start":{"line":53,"column":30},"end":{"line":57,"column":3}},"18":{"start":{"line":54,"column":4},"end":{"line":54,"column":32}},"19":{"start":{"line":55,"column":4},"end":{"line":55,"column":39}},"20":{"start":{"line":56,"column":4},"end":{"line":56,"column":69}},"21":{"start":{"line":59,"column":23},"end":{"line":79,"column":3}},"22":{"start":{"line":60,"column":4},"end":{"line":63,"column":5}},"23":{"start":{"line":61,"column":6},"end":{"line":61,"column":82}},"24":{"start":{"line":62,"column":6},"end":{"line":62,"column":13}},"25":{"start":{"line":65,"column":4},"end":{"line":78,"column":5}},"26":{"start":{"line":66,"column":21},"end":{"line":66,"column":87}},"27":{"start":{"line":67,"column":6},"end":{"line":75,"column":7}},"28":{"start":{"line":68,"column":30},"end":{"line":68,"column":82}},"29":{"start":{"line":69,"column":8},"end":{"line":72,"column":11}},"30":{"start":{"line":69,"column":56},"end":{"line":72,"column":9}},"31":{"start":{"line":81,"column":26},"end":{"line":113,"column":3}},"32":{"start":{"line":82,"column":4},"end":{"line":85,"column":5}},"33":{"start":{"line":83,"column":6},"end":{"line":83,"column":82}},"34":{"start":{"line":84,"column":6},"end":{"line":84,"column":13}},"35":{"start":{"line":87,"column":4},"end":{"line":112,"column":5}},"36":{"start":{"line":88,"column":6},"end":{"line":104,"column":7}},"37":{"start":{"line":89,"column":25},"end":{"line":89,"column":39}},"38":{"start":{"line":90,"column":8},"end":{"line":94,"column":18}},"39":{"start":{"line":95,"column":8},"end":{"line":95,"column":66}},"40":{"start":{"line":97,"column":25},"end":{"line":101,"column":10}},"41":{"start":{"line":106,"column":6},"end":{"line":106,"column":31}},"42":{"start":{"line":107,"column":6},"end":{"line":107,"column":65}},"43":{"start":{"line":108,"column":6},"end":{"line":108,"column":49}},"44":{"start":{"line":111,"column":6},"end":{"line":111,"column":58}},"45":{"start":{"line":116,"column":33},"end":{"line":130,"column":3}},"46":{"start":{"line":117,"column":4},"end":{"line":129,"column":5}},"47":{"start":{"line":118,"column":23},"end":{"line":118,"column":73}},"48":{"start":{"line":119,"column":18},"end":{"line":119,"column":35}},"49":{"start":{"line":121,"column":6},"end":{"line":125,"column":7}},"50":{"start":{"line":122,"column":8},"end":{"line":122,"column":29}},"51":{"start":{"line":124,"column":8},"end":{"line":124,"column":65}},"52":{"start":{"line":128,"column":6},"end":{"line":128,"column":59}},"53":{"start":{"line":133,"column":31},"end":{"line":142,"column":3}},"54":{"start":{"line":134,"column":4},"end":{"line":141,"column":5}},"55":{"start":{"line":135,"column":6},"end":{"line":135,"column":51}},"56":{"start":{"line":136,"column":6},"end":{"line":136,"column":60}},"57":{"start":{"line":137,"column":6},"end":{"line":137,"column":49}},"58":{"start":{"line":139,"column":6},"end":{"line":139,"column":58}},"59":{"start":{"line":144,"column":2},"end":{"line":221,"column":4}},"60":{"start":{"line":152,"column":36},"end":{"line":152,"column":62}},"61":{"start":{"line":155,"column":14},"end":{"line":163,"column":33}},"62":{"start":{"line":160,"column":31},"end":{"line":160,"column":56}},"63":{"start":{"line":182,"column":43},"end":{"line":182,"column":59}},"64":{"start":{"line":184,"column":14},"end":{"line":189,"column":21}},"65":{"start":{"line":186,"column":49},"end":{"line":186,"column":76}},"66":{"start":{"line":204,"column":38},"end":{"line":204,"column":65}},"67":{"start":{"line":206,"column":16},"end":{"line":214,"column":23}},"68":{"start":{"line":208,"column":51},"end":{"line":208,"column":91}},"69":{"start":{"line":211,"column":51},"end":{"line":211,"column":89}}},"fnMap":{"0":{"name":"(anonymous_0)","decl":{"start":{"line":24,"column":19},"end":{"line":24,"column":20}},"loc":{"start":{"line":24,"column":25},"end":{"line":222,"column":1}},"line":24},"1":{"name":"(anonymous_1)","decl":{"start":{"line":30,"column":12},"end":{"line":30,"column":13}},"loc":{"start":{"line":30,"column":18},"end":{"line":41,"column":3}},"line":30},"2":{"name":"(anonymous_2)","decl":{"start":{"line":31,"column":26},"end":{"line":31,"column":27}},"loc":{"start":{"line":31,"column":38},"end":{"line":39,"column":5}},"line":31},"3":{"name":"(anonymous_3)","decl":{"start":{"line":43,"column":25},"end":{"line":43,"column":26}},"loc":{"start":{"line":43,"column":54},"end":{"line":51,"column":3}},"line":43},"4":{"name":"(anonymous_4)","decl":{"start":{"line":53,"column":30},"end":{"line":53,"column":31}},"loc":{"start":{"line":53,"column":43},"end":{"line":57,"column":3}},"line":53},"5":{"name":"(anonymous_5)","decl":{"start":{"line":59,"column":23},"end":{"line":59,"column":24}},"loc":{"start":{"line":59,"column":35},"end":{"line":79,"column":3}},"line":59},"6":{"name":"(anonymous_6)","decl":{"start":{"line":69,"column":29},"end":{"line":69,"column":30}},"loc":{"start":{"line":69,"column":56},"end":{"line":72,"column":9}},"line":69},"7":{"name":"(anonymous_7)","decl":{"start":{"line":81,"column":26},"end":{"line":81,"column":27}},"loc":{"start":{"line":81,"column":38},"end":{"line":113,"column":3}},"line":81},"8":{"name":"(anonymous_8)","decl":{"start":{"line":116,"column":33},"end":{"line":116,"column":34}},"loc":{"start":{"line":116,"column":63},"end":{"line":130,"column":3}},"line":116},"9":{"name":"(anonymous_9)","decl":{"start":{"line":133,"column":31},"end":{"line":133,"column":32}},"loc":{"start":{"line":133,"column":61},"end":{"line":142,"column":3}},"line":133},"10":{"name":"(anonymous_10)","decl":{"start":{"line":152,"column":26},"end":{"line":152,"column":27}},"loc":{"start":{"line":152,"column":36},"end":{"line":152,"column":62}},"line":152},"11":{"name":"(anonymous_11)","decl":{"start":{"line":154,"column":24},"end":{"line":154,"column":25}},"loc":{"start":{"line":155,"column":14},"end":{"line":163,"column":33}},"line":155},"12":{"name":"(anonymous_12)","decl":{"start":{"line":160,"column":25},"end":{"line":160,"column":26}},"loc":{"start":{"line":160,"column":31},"end":{"line":160,"column":56}},"line":160},"13":{"name":"(anonymous_13)","decl":{"start":{"line":182,"column":26},"end":{"line":182,"column":27}},"loc":{"start":{"line":182,"column":43},"end":{"line":182,"column":59}},"line":182},"14":{"name":"(anonymous_14)","decl":{"start":{"line":183,"column":24},"end":{"line":183,"column":25}},"loc":{"start":{"line":184,"column":14},"end":{"line":189,"column":21}},"line":184},"15":{"name":"(anonymous_15)","decl":{"start":{"line":186,"column":43},"end":{"line":186,"column":44}},"loc":{"start":{"line":186,"column":49},"end":{"line":186,"column":76}},"line":186},"16":{"name":"(anonymous_16)","decl":{"start":{"line":204,"column":28},"end":{"line":204,"column":29}},"loc":{"start":{"line":204,"column":38},"end":{"line":204,"column":65}},"line":204},"17":{"name":"(anonymous_17)","decl":{"start":{"line":205,"column":26},"end":{"line":205,"column":27}},"loc":{"start":{"line":206,"column":16},"end":{"line":214,"column":23}},"line":206},"18":{"name":"(anonymous_18)","decl":{"start":{"line":208,"column":45},"end":{"line":208,"column":46}},"loc":{"start":{"line":208,"column":51},"end":{"line":208,"column":91}},"line":208},"19":{"name":"(anonymous_19)","decl":{"start":{"line":211,"column":45},"end":{"line":211,"column":46}},"loc":{"start":{"line":211,"column":51},"end":{"line":211,"column":89}},"line":211}},"branchMap":{"0":{"loc":{"start":{"line":60,"column":4},"end":{"line":63,"column":5}},"type":"if","locations":[{"start":{"line":60,"column":4},"end":{"line":63,"column":5}},{"start":{},"end":{}}],"line":60},"1":{"loc":{"start":{"line":67,"column":6},"end":{"line":75,"column":7}},"type":"if","locations":[{"start":{"line":67,"column":6},"end":{"line":75,"column":7}},{"start":{"line":73,"column":13},"end":{"line":75,"column":7}}],"line":67},"2":{"loc":{"start":{"line":82,"column":4},"end":{"line":85,"column":5}},"type":"if","locations":[{"start":{"line":82,"column":4},"end":{"line":85,"column":5}},{"start":{},"end":{}}],"line":82},"3":{"loc":{"start":{"line":121,"column":6},"end":{"line":125,"column":7}},"type":"if","locations":[{"start":{"line":121,"column":6},"end":{"line":125,"column":7}},{"start":{"line":123,"column":13},"end":{"line":125,"column":7}}],"line":121},"4":{"loc":{"start":{"line":158,"column":18},"end":{"line":158,"column":91}},"type":"binary-expr","locations":[{"start":{"line":158,"column":18},"end":{"line":158,"column":65}},{"start":{"line":158,"column":69},"end":{"line":158,"column":91}}],"line":158},"5":{"loc":{"start":{"line":168,"column":11},"end":{"line":172,"column":11}},"type":"binary-expr","locations":[{"start":{"line":168,"column":11},"end":{"line":168,"column":26}},{"start":{"line":169,"column":12},"end":{"line":171,"column":19}}],"line":168},"6":{"loc":{"start":{"line":194,"column":11},"end":{"line":198,"column":11}},"type":"binary-expr","locations":[{"start":{"line":194,"column":11},"end":{"line":194,"column":39}},{"start":{"line":195,"column":12},"end":{"line":197,"column":31}}],"line":194},"7":{"loc":{"start":{"line":201,"column":11},"end":{"line":217,"column":11}},"type":"binary-expr","locations":[{"start":{"line":201,"column":11},"end":{"line":201,"column":26}},{"start":{"line":202,"column":12},"end":{"line":216,"column":14}}],"line":201}},"s":{"0":1,"1":0,"2":0,"3":0,"4":0,"5":0,"6":0,"7":0,"8":0,"9":0,"10":0,"11":0,"12":0,"13":0,"14":0,"15":0,"16":0,"17":0,"18":0,"19":0,"20":0,"21":0,"22":0,"23":0,"24":0,"25":0,"26":0,"27":0,"28":0,"29":0,"30":0,"31":0,"32":0,"33":0,"34":0,"35":0,"36":0,"37":0,"38":0,"39":0,"40":0,"41":0,"42":0,"43":0,"44":0,"45":0,"46":0,"47":0,"48":0,"49":0,"50":0,"51":0,"52":0,"53":0,"54":0,"55":0,"56":0,"57":0,"58":0,"59":0,"60":0,"61":0,"62":0,"63":0,"64":0,"65":0,"66":0,"67":0,"68":0,"69":0},"f":{"0":0,"1":0,"2":0,"3":0,"4":0,"5":0,"6":0,"7":0,"8":0,"9":0,"10":0,"11":0,"12":0,"13":0,"14":0,"15":0,"16":0,"17":0,"18":0,"19":0},"b":{"0":[0,0],"1":[0,0],"2":[0,0],"3":[0,0],"4":[0,0],"5":[0,0],"6":[0,0],"7":[0,0]},"_coverageSchema":"1a1c01bbd47fc00a2c39e90264f33305004495a9","hash":"3f2a720e239b39f3eef221f02b66b9c7848e73e9"}
,"C:\\Users\\wbrob\\Desktop\\CS498 Proj\\Placenet-App-Frontend\\app\\index.tsx": {"path":"C:\\Users\\wbrob\\Desktop\\CS498 Proj\\Placenet-App-Frontend\\app\\index.tsx","statementMap":{"0":{"start":{"line":16,"column":17},"end":{"line":16,"column":28}},"1":{"start":{"line":18,"column":2},"end":{"line":38,"column":4}},"2":{"start":{"line":26,"column":25},"end":{"line":26,"column":48}},"3":{"start":{"line":32,"column":25},"end":{"line":32,"column":48}}},"fnMap":{"0":{"name":"IndexPage","decl":{"start":{"line":15,"column":24},"end":{"line":15,"column":33}},"loc":{"start":{"line":15,"column":36},"end":{"line":39,"column":1}},"line":15},"1":{"name":"(anonymous_1)","decl":{"start":{"line":26,"column":19},"end":{"line":26,"column":20}},"loc":{"start":{"line":26,"column":25},"end":{"line":26,"column":48}},"line":26},"2":{"name":"(anonymous_2)","decl":{"start":{"line":32,"column":19},"end":{"line":32,"column":20}},"loc":{"start":{"line":32,"column":25},"end":{"line":32,"column":48}},"line":32}},"branchMap":{},"s":{"0":3,"1":3,"2":1,"3":1},"f":{"0":3,"1":1,"2":1},"b":{},"_coverageSchema":"1a1c01bbd47fc00a2c39e90264f33305004495a9","hash":"b5551a980fc79a993cb56843d7f2f081606c6554"}
,"C:\\Users\\wbrob\\Desktop\\CS498 Proj\\Placenet-App-Frontend\\app\\listing_summaries.tsx": {"path":"C:\\Users\\wbrob\\Desktop\\CS498 Proj\\Placenet-App-Frontend\\app\\listing_summaries.tsx","statementMap":{"0":{"start":{"line":23,"column":38},"end":{"line":23,"column":50}},"1":{"start":{"line":24,"column":32},"end":{"line":24,"column":46}},"2":{"start":{"line":25,"column":42},"end":{"line":25,"column":54}},"3":{"start":{"line":27,"column":2},"end":{"line":63,"column":9}},"4":{"start":{"line":30,"column":6},"end":{"line":59,"column":7}},"5":{"start":{"line":31,"column":22},"end":{"line":31,"column":65}},"6":{"start":{"line":32,"column":8},"end":{"line":35,"column":9}},"7":{"start":{"line":33,"column":10},"end":{"line":33,"column":73}},"8":{"start":{"line":34,"column":10},"end":{"line":34,"column":17}},"9":{"start":{"line":37,"column":25},"end":{"line":37,"column":51}},"10":{"start":{"line":38,"column":55},"end":{"line":38,"column":57}},"11":{"start":{"line":39,"column":16},"end":{"line":39,"column":17}},"12":{"start":{"line":40,"column":8},"end":{"line":40,"column":63}},"13":{"start":{"line":42,"column":8},"end":{"line":46,"column":9}},"14":{"start":{"line":43,"column":10},"end":{"line":44,"column":74}},"15":{"start":{"line":44,"column":12},"end":{"line":44,"column":74}},"16":{"start":{"line":45,"column":10},"end":{"line":45,"column":14}},"17":{"start":{"line":53,"column":8},"end":{"line":53,"column":45}},"18":{"start":{"line":54,"column":8},"end":{"line":54,"column":26}},"19":{"start":{"line":57,"column":8},"end":{"line":57,"column":84}},"20":{"start":{"line":58,"column":8},"end":{"line":58,"column":26}},"21":{"start":{"line":62,"column":4},"end":{"line":62,"column":26}},"22":{"start":{"line":66,"column":25},"end":{"line":86,"column":3}},"23":{"start":{"line":67,"column":4},"end":{"line":85,"column":11}},"24":{"start":{"line":73,"column":8},"end":{"line":83,"column":15}},"25":{"start":{"line":79,"column":12},"end":{"line":81,"column":19}},"26":{"start":{"line":88,"column":2},"end":{"line":117,"column":4}},"27":{"start":{"line":109,"column":38},"end":{"line":109,"column":65}}},"fnMap":{"0":{"name":"ListingSummariesPage","decl":{"start":{"line":22,"column":24},"end":{"line":22,"column":44}},"loc":{"start":{"line":22,"column":47},"end":{"line":118,"column":1}},"line":22},"1":{"name":"(anonymous_1)","decl":{"start":{"line":27,"column":12},"end":{"line":27,"column":13}},"loc":{"start":{"line":27,"column":18},"end":{"line":63,"column":3}},"line":27},"2":{"name":"fetchProfileSummary","decl":{"start":{"line":29,"column":19},"end":{"line":29,"column":38}},"loc":{"start":{"line":29,"column":41},"end":{"line":60,"column":5}},"line":29},"3":{"name":"(anonymous_3)","decl":{"start":{"line":66,"column":25},"end":{"line":66,"column":26}},"loc":{"start":{"line":67,"column":4},"end":{"line":85,"column":11}},"line":67},"4":{"name":"(anonymous_4)","decl":{"start":{"line":72,"column":42},"end":{"line":72,"column":43}},"loc":{"start":{"line":73,"column":8},"end":{"line":83,"column":15}},"line":73},"5":{"name":"(anonymous_5)","decl":{"start":{"line":78,"column":54},"end":{"line":78,"column":55}},"loc":{"start":{"line":79,"column":12},"end":{"line":81,"column":19}},"line":79},"6":{"name":"(anonymous_6)","decl":{"start":{"line":109,"column":28},"end":{"line":109,"column":29}},"loc":{"start":{"line":109,"column":38},"end":{"line":109,"column":65}},"line":109}},"branchMap":{"0":{"loc":{"start":{"line":32,"column":8},"end":{"line":35,"column":9}},"type":"if","locations":[{"start":{"line":32,"column":8},"end":{"line":35,"column":9}},{"start":{},"end":{}}],"line":32},"1":{"loc":{"start":{"line":72,"column":7},"end":{"line":84,"column":8}},"type":"binary-expr","locations":[{"start":{"line":72,"column":7},"end":{"line":72,"column":20}},{"start":{"line":72,"column":24},"end":{"line":84,"column":8}}],"line":72},"2":{"loc":{"start":{"line":78,"column":11},"end":{"line":82,"column":12}},"type":"binary-expr","locations":[{"start":{"line":78,"column":11},"end":{"line":78,"column":28}},{"start":{"line":78,"column":32},"end":{"line":82,"column":12}}],"line":78},"3":{"loc":{"start":{"line":99,"column":9},"end":{"line":114,"column":9}},"type":"cond-expr","locations":[{"start":{"line":100,"column":10},"end":{"line":100,"column":60}},{"start":{"line":102,"column":10},"end":{"line":113,"column":13}}],"line":99},"4":{"loc":{"start":{"line":104,"column":13},"end":{"line":104,"column":87}},"type":"cond-expr","locations":[{"start":{"line":104,"column":28},"end":{"line":104,"column":80}},{"start":{"line":104,"column":83},"end":{"line":104,"column":87}}],"line":104}},"s":{"0":0,"1":0,"2":0,"3":0,"4":0,"5":0,"6":0,"7":0,"8":0,"9":0,"10":0,"11":0,"12":0,"13":0,"14":0,"15":0,"16":0,"17":0,"18":0,"19":0,"20":0,"21":0,"22":0,"23":0,"24":0,"25":0,"26":0,"27":0},"f":{"0":0,"1":0,"2":0,"3":0,"4":0,"5":0,"6":0},"b":{"0":[0,0],"1":[0,0],"2":[0,0],"3":[0,0],"4":[0,0]},"_coverageSchema":"1a1c01bbd47fc00a2c39e90264f33305004495a9","hash":"497b882f1c8137d4bb9e32c996a8cc84b11aa1c9"}
,"C:\\Users\\wbrob\\Desktop\\CS498 Proj\\Placenet-App-Frontend\\app\\main.tsx": {"path":"C:\\Users\\wbrob\\Desktop\\CS498 Proj\\Placenet-App-Frontend\\app\\main.tsx","statementMap":{"0":{"start":{"line":16,"column":17},"end":{"line":16,"column":28}},"1":{"start":{"line":18,"column":2},"end":{"line":63,"column":4}},"2":{"start":{"line":29,"column":25},"end":{"line":29,"column":49}},"3":{"start":{"line":36,"column":25},"end":{"line":36,"column":48}},"4":{"start":{"line":43,"column":25},"end":{"line":43,"column":49}},"5":{"start":{"line":50,"column":25},"end":{"line":50,"column":57}},"6":{"start":{"line":57,"column":25},"end":{"line":57,"column":58}}},"fnMap":{"0":{"name":"MainMenu","decl":{"start":{"line":15,"column":24},"end":{"line":15,"column":32}},"loc":{"start":{"line":15,"column":35},"end":{"line":64,"column":1}},"line":15},"1":{"name":"(anonymous_1)","decl":{"start":{"line":29,"column":19},"end":{"line":29,"column":20}},"loc":{"start":{"line":29,"column":25},"end":{"line":29,"column":49}},"line":29},"2":{"name":"(anonymous_2)","decl":{"start":{"line":36,"column":19},"end":{"line":36,"column":20}},"loc":{"start":{"line":36,"column":25},"end":{"line":36,"column":48}},"line":36},"3":{"name":"(anonymous_3)","decl":{"start":{"line":43,"column":19},"end":{"line":43,"column":20}},"loc":{"start":{"line":43,"column":25},"end":{"line":43,"column":49}},"line":43},"4":{"name":"(anonymous_4)","decl":{"start":{"line":50,"column":19},"end":{"line":50,"column":20}},"loc":{"start":{"line":50,"column":25},"end":{"line":50,"column":57}},"line":50},"5":{"name":"(anonymous_5)","decl":{"start":{"line":57,"column":19},"end":{"line":57,"column":20}},"loc":{"start":{"line":57,"column":25},"end":{"line":57,"column":58}},"line":57}},"branchMap":{},"s":{"0":3,"1":3,"2":1,"3":1,"4":1,"5":1,"6":1},"f":{"0":3,"1":1,"2":1,"3":1,"4":1,"5":1},"b":{},"_coverageSchema":"1a1c01bbd47fc00a2c39e90264f33305004495a9","hash":"4c992572e3ef40befaa5f2767c06fe06402c7d63"}
,"C:\\Users\\wbrob\\Desktop\\CS498 Proj\\Placenet-App-Frontend\\app\\navigation_bar.tsx": {"path":"C:\\Users\\wbrob\\Desktop\\CS498 Proj\\Placenet-App-Frontend\\app\\navigation_bar.tsx","statementMap":{"0":{"start":{"line":18,"column":17},"end":{"line":18,"column":23}},"1":{"start":{"line":19,"column":20},"end":{"line":19,"column":29}},"2":{"start":{"line":20,"column":21},"end":{"line":20,"column":31}},"3":{"start":{"line":21,"column":21},"end":{"line":21,"column":31}},"4":{"start":{"line":22,"column":20},"end":{"line":22,"column":29}},"5":{"start":{"line":23,"column":21},"end":{"line":23,"column":29}},"6":{"start":{"line":25,"column":12},"end":{"line":25,"column":38}},"7":{"start":{"line":28,"column":2},"end":{"line":113,"column":4}},"8":{"start":{"line":32,"column":39},"end":{"line":66,"column":9}},"9":{"start":{"line":35,"column":21},"end":{"line":35,"column":31}},"10":{"start":{"line":38,"column":12},"end":{"line":45,"column":13}},"11":{"start":{"line":39,"column":14},"end":{"line":44,"column":16}},"12":{"start":{"line":46,"column":12},"end":{"line":48,"column":13}},"13":{"start":{"line":47,"column":14},"end":{"line":47,"column":69}},"14":{"start":{"line":49,"column":12},"end":{"line":51,"column":13}},"15":{"start":{"line":50,"column":14},"end":{"line":50,"column":59}},"16":{"start":{"line":52,"column":12},"end":{"line":54,"column":13}},"17":{"start":{"line":53,"column":14},"end":{"line":53,"column":59}},"18":{"start":{"line":55,"column":12},"end":{"line":57,"column":13}},"19":{"start":{"line":56,"column":14},"end":{"line":56,"column":65}},"20":{"start":{"line":58,"column":12},"end":{"line":60,"column":13}},"21":{"start":{"line":59,"column":14},"end":{"line":59,"column":77}},"22":{"start":{"line":62,"column":12},"end":{"line":62,"column":87}}},"fnMap":{"0":{"name":"MainContainer","decl":{"start":{"line":27,"column":9},"end":{"line":27,"column":22}},"loc":{"start":{"line":27,"column":25},"end":{"line":114,"column":1}},"line":27},"1":{"name":"(anonymous_1)","decl":{"start":{"line":32,"column":23},"end":{"line":32,"column":24}},"loc":{"start":{"line":32,"column":39},"end":{"line":66,"column":9}},"line":32},"2":{"name":"(anonymous_2)","decl":{"start":{"line":33,"column":22},"end":{"line":33,"column":23}},"loc":{"start":{"line":33,"column":52},"end":{"line":63,"column":11}},"line":33}},"branchMap":{"0":{"loc":{"start":{"line":38,"column":12},"end":{"line":45,"column":13}},"type":"if","locations":[{"start":{"line":38,"column":12},"end":{"line":45,"column":13}},{"start":{},"end":{}}],"line":38},"1":{"loc":{"start":{"line":41,"column":26},"end":{"line":41,"column":105}},"type":"cond-expr","locations":[{"start":{"line":41,"column":36},"end":{"line":41,"column":69}},{"start":{"line":41,"column":72},"end":{"line":41,"column":105}}],"line":41},"2":{"loc":{"start":{"line":46,"column":12},"end":{"line":48,"column":13}},"type":"if","locations":[{"start":{"line":46,"column":12},"end":{"line":48,"column":13}},{"start":{},"end":{}}],"line":46},"3":{"loc":{"start":{"line":47,"column":25},"end":{"line":47,"column":68}},"type":"cond-expr","locations":[{"start":{"line":47,"column":35},"end":{"line":47,"column":46}},{"start":{"line":47,"column":49},"end":{"line":47,"column":68}}],"line":47},"4":{"loc":{"start":{"line":49,"column":12},"end":{"line":51,"column":13}},"type":"if","locations":[{"start":{"line":49,"column":12},"end":{"line":51,"column":13}},{"start":{},"end":{}}],"line":49},"5":{"loc":{"start":{"line":50,"column":25},"end":{"line":50,"column":58}},"type":"cond-expr","locations":[{"start":{"line":50,"column":35},"end":{"line":50,"column":41}},{"start":{"line":50,"column":44},"end":{"line":50,"column":58}}],"line":50},"6":{"loc":{"start":{"line":52,"column":12},"end":{"line":54,"column":13}},"type":"if","locations":[{"start":{"line":52,"column":12},"end":{"line":54,"column":13}},{"start":{},"end":{}}],"line":52},"7":{"loc":{"start":{"line":53,"column":25},"end":{"line":53,"column":58}},"type":"cond-expr","locations":[{"start":{"line":53,"column":35},"end":{"line":53,"column":41}},{"start":{"line":53,"column":44},"end":{"line":53,"column":58}}],"line":53},"8":{"loc":{"start":{"line":55,"column":12},"end":{"line":57,"column":13}},"type":"if","locations":[{"start":{"line":55,"column":12},"end":{"line":57,"column":13}},{"start":{},"end":{}}],"line":55},"9":{"loc":{"start":{"line":56,"column":25},"end":{"line":56,"column":64}},"type":"cond-expr","locations":[{"start":{"line":56,"column":35},"end":{"line":56,"column":44}},{"start":{"line":56,"column":47},"end":{"line":56,"column":64}}],"line":56},"10":{"loc":{"start":{"line":58,"column":12},"end":{"line":60,"column":13}},"type":"if","locations":[{"start":{"line":58,"column":12},"end":{"line":60,"column":13}},{"start":{},"end":{}}],"line":58},"11":{"loc":{"start":{"line":59,"column":25},"end":{"line":59,"column":76}},"type":"cond-expr","locations":[{"start":{"line":59,"column":35},"end":{"line":59,"column":50}},{"start":{"line":59,"column":53},"end":{"line":59,"column":76}}],"line":59}},"s":{"0":1,"1":1,"2":1,"3":1,"4":1,"5":1,"6":1,"7":1,"8":6,"9":12,"10":12,"11":2,"12":10,"13":2,"14":10,"15":2,"16":10,"17":2,"18":10,"19":2,"20":10,"21":2,"22":10},"f":{"0":1,"1":6,"2":12},"b":{"0":[2,10],"1":[1,1],"2":[2,8],"3":[1,1],"4":[2,8],"5":[1,1],"6":[2,8],"7":[1,1],"8":[2,8],"9":[1,1],"10":[2,8],"11":[1,1]},"_coverageSchema":"1a1c01bbd47fc00a2c39e90264f33305004495a9","hash":"a4b54446459e0390a68780ec8b915130efb99b51"}
,"C:\\Users\\wbrob\\Desktop\\CS498 Proj\\Placenet-App-Frontend\\app\\project.tsx": {"path":"C:\\Users\\wbrob\\Desktop\\CS498 Proj\\Placenet-App-Frontend\\app\\project.tsx","statementMap":{"0":{"start":{"line":36,"column":36},"end":{"line":275,"column":1}},"1":{"start":{"line":37,"column":38},"end":{"line":37,"column":62}},"2":{"start":{"line":38,"column":50},"end":{"line":38,"column":81}},"3":{"start":{"line":39,"column":40},"end":{"line":39,"column":60}},"4":{"start":{"line":40,"column":54},"end":{"line":40,"column":74}},"5":{"start":{"line":41,"column":46},"end":{"line":41,"column":73}},"6":{"start":{"line":42,"column":57},"end":{"line":42,"column":81}},"7":{"start":{"line":43,"column":34},"end":{"line":43,"column":57}},"8":{"start":{"line":44,"column":50},"end":{"line":44,"column":79}},"9":{"start":{"line":46,"column":2},"end":{"line":49,"column":9}},"10":{"start":{"line":47,"column":4},"end":{"line":47,"column":22}},"11":{"start":{"line":48,"column":4},"end":{"line":48,"column":25}},"12":{"start":{"line":51,"column":26},"end":{"line":59,"column":3}},"13":{"start":{"line":52,"column":4},"end":{"line":58,"column":5}},"14":{"start":{"line":53,"column":23},"end":{"line":53,"column":51}},"15":{"start":{"line":54,"column":6},"end":{"line":54,"column":35}},"16":{"start":{"line":56,"column":6},"end":{"line":56,"column":59}},"17":{"start":{"line":61,"column":29},"end":{"line":71,"column":3}},"18":{"start":{"line":62,"column":4},"end":{"line":70,"column":5}},"19":{"start":{"line":63,"column":25},"end":{"line":63,"column":73}},"20":{"start":{"line":64,"column":6},"end":{"line":66,"column":7}},"21":{"start":{"line":65,"column":8},"end":{"line":65,"column":44}},"22":{"start":{"line":68,"column":6},"end":{"line":68,"column":57}},"23":{"start":{"line":73,"column":24},"end":{"line":81,"column":3}},"24":{"start":{"line":74,"column":4},"end":{"line":80,"column":5}},"25":{"start":{"line":75,"column":23},"end":{"line":75,"column":75}},"26":{"start":{"line":76,"column":6},"end":{"line":76,"column":33}},"27":{"start":{"line":78,"column":6},"end":{"line":78,"column":57}},"28":{"start":{"line":83,"column":31},"end":{"line":94,"column":3}},"29":{"start":{"line":84,"column":4},"end":{"line":84,"column":34}},"30":{"start":{"line":85,"column":4},"end":{"line":93,"column":5}},"31":{"start":{"line":86,"column":6},"end":{"line":87,"column":41}},"32":{"start":{"line":88,"column":6},"end":{"line":88,"column":73}},"33":{"start":{"line":89,"column":6},"end":{"line":89,"column":42}},"34":{"start":{"line":91,"column":6},"end":{"line":91,"column":58}},"35":{"start":{"line":96,"column":27},"end":{"line":118,"column":3}},"36":{"start":{"line":97,"column":4},"end":{"line":117,"column":5}},"37":{"start":{"line":98,"column":28},"end":{"line":98,"column":57}},"38":{"start":{"line":99,"column":26},"end":{"line":104,"column":7}},"39":{"start":{"line":106,"column":6},"end":{"line":114,"column":7}},"40":{"start":{"line":107,"column":25},"end":{"line":107,"column":65}},"41":{"start":{"line":108,"column":8},"end":{"line":108,"column":50}},"42":{"start":{"line":109,"column":8},"end":{"line":109,"column":59}},"43":{"start":{"line":110,"column":8},"end":{"line":110,"column":20}},"44":{"start":{"line":113,"column":8},"end":{"line":113,"column":55}},"45":{"start":{"line":116,"column":6},"end":{"line":116,"column":115}},"46":{"start":{"line":120,"column":30},"end":{"line":149,"column":3}},"47":{"start":{"line":123,"column":4},"end":{"line":148,"column":5}},"48":{"start":{"line":124,"column":28},"end":{"line":124,"column":57}},"49":{"start":{"line":125,"column":26},"end":{"line":130,"column":7}},"50":{"start":{"line":135,"column":6},"end":{"line":145,"column":7}},"51":{"start":{"line":137,"column":8},"end":{"line":137,"column":68}},"52":{"start":{"line":138,"column":8},"end":{"line":138,"column":61}},"53":{"start":{"line":139,"column":8},"end":{"line":139,"column":34}},"54":{"start":{"line":140,"column":8},"end":{"line":140,"column":52}},"55":{"start":{"line":141,"column":8},"end":{"line":141,"column":20}},"56":{"start":{"line":144,"column":8},"end":{"line":144,"column":58}},"57":{"start":{"line":147,"column":6},"end":{"line":147,"column":95}},"58":{"start":{"line":151,"column":30},"end":{"line":160,"column":3}},"59":{"start":{"line":152,"column":4},"end":{"line":159,"column":5}},"60":{"start":{"line":153,"column":6},"end":{"line":153,"column":49}},"61":{"start":{"line":154,"column":6},"end":{"line":154,"column":59}},"62":{"start":{"line":155,"column":6},"end":{"line":155,"column":82}},"63":{"start":{"line":155,"column":47},"end":{"line":155,"column":79}},"64":{"start":{"line":157,"column":6},"end":{"line":157,"column":57}},"65":{"start":{"line":162,"column":28},"end":{"line":168,"column":3}},"66":{"start":{"line":163,"column":4},"end":{"line":163,"column":33}},"67":{"start":{"line":164,"column":4},"end":{"line":164,"column":47}},"68":{"start":{"line":165,"column":4},"end":{"line":165,"column":57}},"69":{"start":{"line":166,"column":4},"end":{"line":166,"column":44}},"70":{"start":{"line":170,"column":20},"end":{"line":175,"column":3}},"71":{"start":{"line":171,"column":4},"end":{"line":171,"column":23}},"72":{"start":{"line":172,"column":4},"end":{"line":172,"column":30}},"73":{"start":{"line":173,"column":4},"end":{"line":173,"column":28}},"74":{"start":{"line":174,"column":4},"end":{"line":174,"column":30}},"75":{"start":{"line":177,"column":27},"end":{"line":182,"column":3}},"76":{"start":{"line":178,"column":4},"end":{"line":178,"column":35}},"77":{"start":{"line":179,"column":4},"end":{"line":181,"column":5}},"78":{"start":{"line":180,"column":6},"end":{"line":180,"column":38}},"79":{"start":{"line":184,"column":2},"end":{"line":274,"column":4}},"80":{"start":{"line":191,"column":40},"end":{"line":191,"column":67}},"81":{"start":{"line":193,"column":18},"end":{"line":201,"column":37}},"82":{"start":{"line":198,"column":35},"end":{"line":198,"column":61}},"83":{"start":{"line":226,"column":51},"end":{"line":226,"column":80}},"84":{"start":{"line":236,"column":36},"end":{"line":236,"column":66}},"85":{"start":{"line":251,"column":44},"end":{"line":251,"column":70}},"86":{"start":{"line":253,"column":22},"end":{"line":266,"column":29}},"87":{"start":{"line":259,"column":85},"end":{"line":259,"column":108}},"88":{"start":{"line":262,"column":87},"end":{"line":262,"column":123}}},"fnMap":{"0":{"name":"(anonymous_0)","decl":{"start":{"line":36,"column":36},"end":{"line":36,"column":37}},"loc":{"start":{"line":36,"column":42},"end":{"line":275,"column":1}},"line":36},"1":{"name":"(anonymous_1)","decl":{"start":{"line":46,"column":12},"end":{"line":46,"column":13}},"loc":{"start":{"line":46,"column":18},"end":{"line":49,"column":3}},"line":46},"2":{"name":"(anonymous_2)","decl":{"start":{"line":51,"column":26},"end":{"line":51,"column":27}},"loc":{"start":{"line":51,"column":38},"end":{"line":59,"column":3}},"line":51},"3":{"name":"(anonymous_3)","decl":{"start":{"line":61,"column":29},"end":{"line":61,"column":30}},"loc":{"start":{"line":61,"column":41},"end":{"line":71,"column":3}},"line":61},"4":{"name":"(anonymous_4)","decl":{"start":{"line":73,"column":24},"end":{"line":73,"column":25}},"loc":{"start":{"line":73,"column":54},"end":{"line":81,"column":3}},"line":73},"5":{"name":"(anonymous_5)","decl":{"start":{"line":83,"column":31},"end":{"line":83,"column":32}},"loc":{"start":{"line":83,"column":61},"end":{"line":94,"column":3}},"line":83},"6":{"name":"(anonymous_6)","decl":{"start":{"line":96,"column":27},"end":{"line":96,"column":28}},"loc":{"start":{"line":96,"column":39},"end":{"line":118,"column":3}},"line":96},"7":{"name":"(anonymous_7)","decl":{"start":{"line":120,"column":30},"end":{"line":120,"column":31}},"loc":{"start":{"line":120,"column":42},"end":{"line":149,"column":3}},"line":120},"8":{"name":"(anonymous_8)","decl":{"start":{"line":151,"column":30},"end":{"line":151,"column":31}},"loc":{"start":{"line":151,"column":59},"end":{"line":160,"column":3}},"line":151},"9":{"name":"(anonymous_9)","decl":{"start":{"line":155,"column":34},"end":{"line":155,"column":35}},"loc":{"start":{"line":155,"column":47},"end":{"line":155,"column":79}},"line":155},"10":{"name":"(anonymous_10)","decl":{"start":{"line":162,"column":28},"end":{"line":162,"column":29}},"loc":{"start":{"line":162,"column":50},"end":{"line":168,"column":3}},"line":162},"11":{"name":"(anonymous_11)","decl":{"start":{"line":170,"column":20},"end":{"line":170,"column":21}},"loc":{"start":{"line":170,"column":26},"end":{"line":175,"column":3}},"line":170},"12":{"name":"(anonymous_12)","decl":{"start":{"line":177,"column":27},"end":{"line":177,"column":28}},"loc":{"start":{"line":177,"column":52},"end":{"line":182,"column":3}},"line":177},"13":{"name":"(anonymous_13)","decl":{"start":{"line":191,"column":30},"end":{"line":191,"column":31}},"loc":{"start":{"line":191,"column":40},"end":{"line":191,"column":67}},"line":191},"14":{"name":"(anonymous_14)","decl":{"start":{"line":192,"column":28},"end":{"line":192,"column":29}},"loc":{"start":{"line":193,"column":18},"end":{"line":201,"column":37}},"line":193},"15":{"name":"(anonymous_15)","decl":{"start":{"line":198,"column":29},"end":{"line":198,"column":30}},"loc":{"start":{"line":198,"column":35},"end":{"line":198,"column":61}},"line":198},"16":{"name":"(anonymous_16)","decl":{"start":{"line":226,"column":45},"end":{"line":226,"column":46}},"loc":{"start":{"line":226,"column":51},"end":{"line":226,"column":80}},"line":226},"17":{"name":"(anonymous_17)","decl":{"start":{"line":236,"column":30},"end":{"line":236,"column":31}},"loc":{"start":{"line":236,"column":36},"end":{"line":236,"column":66}},"line":236},"18":{"name":"(anonymous_18)","decl":{"start":{"line":251,"column":34},"end":{"line":251,"column":35}},"loc":{"start":{"line":251,"column":44},"end":{"line":251,"column":70}},"line":251},"19":{"name":"(anonymous_19)","decl":{"start":{"line":252,"column":32},"end":{"line":252,"column":33}},"loc":{"start":{"line":253,"column":22},"end":{"line":266,"column":29}},"line":253},"20":{"name":"(anonymous_20)","decl":{"start":{"line":259,"column":79},"end":{"line":259,"column":80}},"loc":{"start":{"line":259,"column":85},"end":{"line":259,"column":108}},"line":259},"21":{"name":"(anonymous_21)","decl":{"start":{"line":262,"column":81},"end":{"line":262,"column":82}},"loc":{"start":{"line":262,"column":87},"end":{"line":262,"column":123}},"line":262}},"branchMap":{"0":{"loc":{"start":{"line":64,"column":6},"end":{"line":66,"column":7}},"type":"if","locations":[{"start":{"line":64,"column":6},"end":{"line":66,"column":7}},{"start":{},"end":{}}],"line":64},"1":{"loc":{"start":{"line":97,"column":4},"end":{"line":117,"column":5}},"type":"if","locations":[{"start":{"line":97,"column":4},"end":{"line":117,"column":5}},{"start":{"line":115,"column":11},"end":{"line":117,"column":5}}],"line":97},"2":{"loc":{"start":{"line":97,"column":8},"end":{"line":97,"column":93}},"type":"binary-expr","locations":[{"start":{"line":97,"column":8},"end":{"line":97,"column":24}},{"start":{"line":97,"column":28},"end":{"line":97,"column":46}},{"start":{"line":97,"column":50},"end":{"line":97,"column":75}},{"start":{"line":97,"column":79},"end":{"line":97,"column":93}}],"line":97},"3":{"loc":{"start":{"line":123,"column":4},"end":{"line":148,"column":5}},"type":"if","locations":[{"start":{"line":123,"column":4},"end":{"line":148,"column":5}},{"start":{"line":146,"column":11},"end":{"line":148,"column":5}}],"line":123},"4":{"loc":{"start":{"line":123,"column":8},"end":{"line":123,"column":113}},"type":"binary-expr","locations":[{"start":{"line":123,"column":8},"end":{"line":123,"column":24}},{"start":{"line":123,"column":28},"end":{"line":123,"column":46}},{"start":{"line":123,"column":50},"end":{"line":123,"column":75}},{"start":{"line":123,"column":79},"end":{"line":123,"column":93}},{"start":{"line":123,"column":97},"end":{"line":123,"column":113}}],"line":123},"5":{"loc":{"start":{"line":179,"column":4},"end":{"line":181,"column":5}},"type":"if","locations":[{"start":{"line":179,"column":4},"end":{"line":181,"column":5}},{"start":{},"end":{}}],"line":179},"6":{"loc":{"start":{"line":196,"column":22},"end":{"line":196,"column":99}},"type":"binary-expr","locations":[{"start":{"line":196,"column":22},"end":{"line":196,"column":72}},{"start":{"line":196,"column":76},"end":{"line":196,"column":99}}],"line":196},"7":{"loc":{"start":{"line":205,"column":15},"end":{"line":244,"column":15}},"type":"binary-expr","locations":[{"start":{"line":205,"column":15},"end":{"line":205,"column":31}},{"start":{"line":206,"column":16},"end":{"line":243,"column":19}}],"line":205},"8":{"loc":{"start":{"line":228,"column":23},"end":{"line":228,"column":96}},"type":"cond-expr","locations":[{"start":{"line":228,"column":40},"end":{"line":228,"column":69}},{"start":{"line":228,"column":72},"end":{"line":228,"column":96}}],"line":228},"9":{"loc":{"start":{"line":240,"column":27},"end":{"line":240,"column":78}},"type":"cond-expr","locations":[{"start":{"line":240,"column":46},"end":{"line":240,"column":62}},{"start":{"line":240,"column":65},"end":{"line":240,"column":78}}],"line":240},"10":{"loc":{"start":{"line":241,"column":29},"end":{"line":241,"column":86}},"type":"cond-expr","locations":[{"start":{"line":241,"column":48},"end":{"line":241,"column":67}},{"start":{"line":241,"column":70},"end":{"line":241,"column":86}}],"line":241},"11":{"loc":{"start":{"line":246,"column":15},"end":{"line":270,"column":15}},"type":"binary-expr","locations":[{"start":{"line":246,"column":15},"end":{"line":246,"column":31}},{"start":{"line":246,"column":35},"end":{"line":246,"column":54}},{"start":{"line":247,"column":16},"end":{"line":269,"column":23}}],"line":246}},"s":{"0":1,"1":0,"2":0,"3":0,"4":0,"5":0,"6":0,"7":0,"8":0,"9":0,"10":0,"11":0,"12":0,"13":0,"14":0,"15":0,"16":0,"17":0,"18":0,"19":0,"20":0,"21":0,"22":0,"23":0,"24":0,"25":0,"26":0,"27":0,"28":0,"29":0,"30":0,"31":0,"32":0,"33":0,"34":0,"35":0,"36":0,"37":0,"38":0,"39":0,"40":0,"41":0,"42":0,"43":0,"44":0,"45":0,"46":0,"47":0,"48":0,"49":0,"50":0,"51":0,"52":0,"53":0,"54":0,"55":0,"56":0,"57":0,"58":0,"59":0,"60":0,"61":0,"62":0,"63":0,"64":0,"65":0,"66":0,"67":0,"68":0,"69":0,"70":0,"71":0,"72":0,"73":0,"74":0,"75":0,"76":0,"77":0,"78":0,"79":0,"80":0,"81":0,"82":0,"83":0,"84":0,"85":0,"86":0,"87":0,"88":0},"f":{"0":0,"1":0,"2":0,"3":0,"4":0,"5":0,"6":0,"7":0,"8":0,"9":0,"10":0,"11":0,"12":0,"13":0,"14":0,"15":0,"16":0,"17":0,"18":0,"19":0,"20":0,"21":0},"b":{"0":[0,0],"1":[0,0],"2":[0,0,0,0],"3":[0,0],"4":[0,0,0,0,0],"5":[0,0],"6":[0,0],"7":[0,0],"8":[0,0],"9":[0,0],"10":[0,0],"11":[0,0,0]},"_coverageSchema":"1a1c01bbd47fc00a2c39e90264f33305004495a9","hash":"74493686cc05cdf3305ae07a9c445b99b9ec26ec"}
,"C:\\Users\\wbrob\\Desktop\\CS498 Proj\\Placenet-App-Frontend\\app\\property.tsx": {"path":"C:\\Users\\wbrob\\Desktop\\CS498 Proj\\Placenet-App-Frontend\\app\\property.tsx","statementMap":{"0":{"start":{"line":28,"column":37},"end":{"line":195,"column":1}},"1":{"start":{"line":29,"column":30},"end":{"line":29,"column":50}},"2":{"start":{"line":30,"column":26},"end":{"line":30,"column":46}},"3":{"start":{"line":31,"column":28},"end":{"line":31,"column":48}},"4":{"start":{"line":32,"column":24},"end":{"line":32,"column":44}},"5":{"start":{"line":33,"column":38},"end":{"line":33,"column":62}},"6":{"start":{"line":34,"column":42},"end":{"line":34,"column":71}},"7":{"start":{"line":37,"column":26},"end":{"line":45,"column":3}},"8":{"start":{"line":38,"column":4},"end":{"line":44,"column":5}},"9":{"start":{"line":39,"column":23},"end":{"line":39,"column":51}},"10":{"start":{"line":40,"column":6},"end":{"line":40,"column":35}},"11":{"start":{"line":42,"column":6},"end":{"line":42,"column":59}},"12":{"start":{"line":46,"column":2},"end":{"line":48,"column":9}},"13":{"start":{"line":47,"column":4},"end":{"line":47,"column":22}},"14":{"start":{"line":51,"column":22},"end":{"line":57,"column":3}},"15":{"start":{"line":52,"column":4},"end":{"line":52,"column":18}},"16":{"start":{"line":53,"column":4},"end":{"line":53,"column":16}},"17":{"start":{"line":54,"column":4},"end":{"line":54,"column":17}},"18":{"start":{"line":55,"column":4},"end":{"line":55,"column":15}},"19":{"start":{"line":56,"column":4},"end":{"line":56,"column":26}},"20":{"start":{"line":60,"column":28},"end":{"line":84,"column":3}},"21":{"start":{"line":61,"column":4},"end":{"line":83,"column":5}},"22":{"start":{"line":62,"column":26},"end":{"line":62,"column":64}},"23":{"start":{"line":64,"column":6},"end":{"line":79,"column":7}},"24":{"start":{"line":66,"column":8},"end":{"line":66,"column":56}},"25":{"start":{"line":69,"column":8},"end":{"line":78,"column":9}},"26":{"start":{"line":70,"column":27},"end":{"line":72,"column":12}},"27":{"start":{"line":73,"column":10},"end":{"line":73,"column":56}},"28":{"start":{"line":74,"column":10},"end":{"line":74,"column":65}},"29":{"start":{"line":76,"column":10},"end":{"line":76,"column":59}},"30":{"start":{"line":80,"column":6},"end":{"line":80,"column":20}},"31":{"start":{"line":82,"column":6},"end":{"line":82,"column":70}},"32":{"start":{"line":88,"column":25},"end":{"line":97,"column":3}},"33":{"start":{"line":89,"column":4},"end":{"line":96,"column":5}},"34":{"start":{"line":90,"column":6},"end":{"line":90,"column":71}},"35":{"start":{"line":91,"column":6},"end":{"line":91,"column":63}},"36":{"start":{"line":92,"column":6},"end":{"line":92,"column":24}},"37":{"start":{"line":94,"column":6},"end":{"line":94,"column":58}},"38":{"start":{"line":100,"column":29},"end":{"line":107,"column":3}},"39":{"start":{"line":101,"column":39},"end":{"line":101,"column":64}},"40":{"start":{"line":102,"column":4},"end":{"line":102,"column":22}},"41":{"start":{"line":103,"column":4},"end":{"line":103,"column":18}},"42":{"start":{"line":104,"column":4},"end":{"line":104,"column":20}},"43":{"start":{"line":105,"column":4},"end":{"line":105,"column":16}},"44":{"start":{"line":106,"column":4},"end":{"line":106,"column":42}},"45":{"start":{"line":110,"column":31},"end":{"line":119,"column":3}},"46":{"start":{"line":111,"column":4},"end":{"line":118,"column":5}},"47":{"start":{"line":112,"column":6},"end":{"line":112,"column":52}},"48":{"start":{"line":113,"column":6},"end":{"line":113,"column":60}},"49":{"start":{"line":114,"column":6},"end":{"line":114,"column":24}},"50":{"start":{"line":116,"column":6},"end":{"line":116,"column":58}},"51":{"start":{"line":121,"column":2},"end":{"line":194,"column":4}},"52":{"start":{"line":168,"column":36},"end":{"line":168,"column":63}},"53":{"start":{"line":170,"column":14},"end":{"line":186,"column":21}},"54":{"start":{"line":174,"column":35},"end":{"line":174,"column":59}},"55":{"start":{"line":180,"column":35},"end":{"line":180,"column":73}}},"fnMap":{"0":{"name":"(anonymous_0)","decl":{"start":{"line":28,"column":37},"end":{"line":28,"column":38}},"loc":{"start":{"line":28,"column":43},"end":{"line":195,"column":1}},"line":28},"1":{"name":"(anonymous_1)","decl":{"start":{"line":37,"column":26},"end":{"line":37,"column":27}},"loc":{"start":{"line":37,"column":38},"end":{"line":45,"column":3}},"line":37},"2":{"name":"(anonymous_2)","decl":{"start":{"line":46,"column":12},"end":{"line":46,"column":13}},"loc":{"start":{"line":46,"column":18},"end":{"line":48,"column":3}},"line":46},"3":{"name":"(anonymous_3)","decl":{"start":{"line":51,"column":22},"end":{"line":51,"column":23}},"loc":{"start":{"line":51,"column":28},"end":{"line":57,"column":3}},"line":51},"4":{"name":"(anonymous_4)","decl":{"start":{"line":60,"column":28},"end":{"line":60,"column":29}},"loc":{"start":{"line":60,"column":40},"end":{"line":84,"column":3}},"line":60},"5":{"name":"(anonymous_5)","decl":{"start":{"line":88,"column":25},"end":{"line":88,"column":26}},"loc":{"start":{"line":88,"column":75},"end":{"line":97,"column":3}},"line":88},"6":{"name":"(anonymous_6)","decl":{"start":{"line":100,"column":29},"end":{"line":100,"column":30}},"loc":{"start":{"line":100,"column":53},"end":{"line":107,"column":3}},"line":100},"7":{"name":"(anonymous_7)","decl":{"start":{"line":110,"column":31},"end":{"line":110,"column":32}},"loc":{"start":{"line":110,"column":61},"end":{"line":119,"column":3}},"line":110},"8":{"name":"(anonymous_8)","decl":{"start":{"line":168,"column":26},"end":{"line":168,"column":27}},"loc":{"start":{"line":168,"column":36},"end":{"line":168,"column":63}},"line":168},"9":{"name":"(anonymous_9)","decl":{"start":{"line":169,"column":24},"end":{"line":169,"column":25}},"loc":{"start":{"line":170,"column":14},"end":{"line":186,"column":21}},"line":170},"10":{"name":"(anonymous_10)","decl":{"start":{"line":174,"column":29},"end":{"line":174,"column":30}},"loc":{"start":{"line":174,"column":35},"end":{"line":174,"column":59}},"line":174},"11":{"name":"(anonymous_11)","decl":{"start":{"line":180,"column":29},"end":{"line":180,"column":30}},"loc":{"start":{"line":180,"column":35},"end":{"line":180,"column":73}},"line":180}},"branchMap":{"0":{"loc":{"start":{"line":61,"column":4},"end":{"line":83,"column":5}},"type":"if","locations":[{"start":{"line":61,"column":4},"end":{"line":83,"column":5}},{"start":{"line":81,"column":11},"end":{"line":83,"column":5}}],"line":61},"1":{"loc":{"start":{"line":61,"column":8},"end":{"line":61,"column":66}},"type":"binary-expr","locations":[{"start":{"line":61,"column":8},"end":{"line":61,"column":21}},{"start":{"line":61,"column":25},"end":{"line":61,"column":36}},{"start":{"line":61,"column":40},"end":{"line":61,"column":52}},{"start":{"line":61,"column":56},"end":{"line":61,"column":66}}],"line":61},"2":{"loc":{"start":{"line":64,"column":6},"end":{"line":79,"column":7}},"type":"if","locations":[{"start":{"line":64,"column":6},"end":{"line":79,"column":7}},{"start":{"line":67,"column":13},"end":{"line":79,"column":7}}],"line":64},"3":{"loc":{"start":{"line":158,"column":15},"end":{"line":158,"column":73}},"type":"cond-expr","locations":[{"start":{"line":158,"column":39},"end":{"line":158,"column":56}},{"start":{"line":158,"column":59},"end":{"line":158,"column":73}}],"line":158},"4":{"loc":{"start":{"line":163,"column":7},"end":{"line":190,"column":7}},"type":"binary-expr","locations":[{"start":{"line":163,"column":7},"end":{"line":163,"column":28}},{"start":{"line":164,"column":8},"end":{"line":189,"column":15}}],"line":163}},"s":{"0":2,"1":11,"2":11,"3":11,"4":11,"5":11,"6":11,"7":11,"8":1,"9":1,"10":0,"11":1,"12":11,"13":1,"14":11,"15":1,"16":1,"17":1,"18":1,"19":1,"20":11,"21":1,"22":1,"23":1,"24":0,"25":1,"26":1,"27":1,"28":1,"29":0,"30":1,"31":0,"32":11,"33":0,"34":0,"35":0,"36":0,"37":0,"38":11,"39":0,"40":0,"41":0,"42":0,"43":0,"44":0,"45":11,"46":0,"47":0,"48":0,"49":0,"50":0,"51":11,"52":6,"53":5,"54":0,"55":0},"f":{"0":11,"1":1,"2":1,"3":1,"4":1,"5":0,"6":0,"7":0,"8":6,"9":5,"10":0,"11":0},"b":{"0":[1,0],"1":[1,1,1,1],"2":[0,1],"3":[0,11],"4":[11,6]},"_coverageSchema":"1a1c01bbd47fc00a2c39e90264f33305004495a9","hash":"2df44a1982f05df41be083629bb68c2d609f052c"}
,"C:\\Users\\wbrob\\Desktop\\CS498 Proj\\Placenet-App-Frontend\\app\\property_summary.tsx": {"path":"C:\\Users\\wbrob\\Desktop\\CS498 Proj\\Placenet-App-Frontend\\app\\property_summary.tsx","statementMap":{"0":{"start":{"line":20,"column":38},"end":{"line":20,"column":50}},"1":{"start":{"line":21,"column":32},"end":{"line":21,"column":46}},"2":{"start":{"line":22,"column":42},"end":{"line":22,"column":54}},"3":{"start":{"line":24,"column":2},"end":{"line":50,"column":9}},"4":{"start":{"line":27,"column":6},"end":{"line":46,"column":7}},"5":{"start":{"line":28,"column":22},"end":{"line":28,"column":65}},"6":{"start":{"line":29,"column":8},"end":{"line":32,"column":9}},"7":{"start":{"line":30,"column":10},"end":{"line":30,"column":73}},"8":{"start":{"line":31,"column":10},"end":{"line":31,"column":17}},"9":{"start":{"line":34,"column":25},"end":{"line":38,"column":10}},"10":{"start":{"line":40,"column":8},"end":{"line":40,"column":48}},"11":{"start":{"line":41,"column":8},"end":{"line":41,"column":26}},"12":{"start":{"line":44,"column":8},"end":{"line":44,"column":84}},"13":{"start":{"line":45,"column":8},"end":{"line":45,"column":26}},"14":{"start":{"line":49,"column":4},"end":{"line":49,"column":26}},"15":{"start":{"line":53,"column":25},"end":{"line":73,"column":3}},"16":{"start":{"line":54,"column":4},"end":{"line":72,"column":11}},"17":{"start":{"line":60,"column":8},"end":{"line":70,"column":15}},"18":{"start":{"line":66,"column":12},"end":{"line":68,"column":19}},"19":{"start":{"line":75,"column":2},"end":{"line":112,"column":4}},"20":{"start":{"line":88,"column":27},"end":{"line":88,"column":56}},"21":{"start":{"line":104,"column":38},"end":{"line":104,"column":65}}},"fnMap":{"0":{"name":"PropertySummaryPage","decl":{"start":{"line":19,"column":24},"end":{"line":19,"column":43}},"loc":{"start":{"line":19,"column":46},"end":{"line":113,"column":1}},"line":19},"1":{"name":"(anonymous_1)","decl":{"start":{"line":24,"column":12},"end":{"line":24,"column":13}},"loc":{"start":{"line":24,"column":18},"end":{"line":50,"column":3}},"line":24},"2":{"name":"fetchProfileSummary","decl":{"start":{"line":26,"column":19},"end":{"line":26,"column":38}},"loc":{"start":{"line":26,"column":41},"end":{"line":47,"column":5}},"line":26},"3":{"name":"(anonymous_3)","decl":{"start":{"line":53,"column":25},"end":{"line":53,"column":26}},"loc":{"start":{"line":54,"column":4},"end":{"line":72,"column":11}},"line":54},"4":{"name":"(anonymous_4)","decl":{"start":{"line":59,"column":42},"end":{"line":59,"column":43}},"loc":{"start":{"line":60,"column":8},"end":{"line":70,"column":15}},"line":60},"5":{"name":"(anonymous_5)","decl":{"start":{"line":65,"column":54},"end":{"line":65,"column":55}},"loc":{"start":{"line":66,"column":12},"end":{"line":68,"column":19}},"line":66},"6":{"name":"(anonymous_6)","decl":{"start":{"line":88,"column":21},"end":{"line":88,"column":22}},"loc":{"start":{"line":88,"column":27},"end":{"line":88,"column":56}},"line":88},"7":{"name":"(anonymous_7)","decl":{"start":{"line":104,"column":28},"end":{"line":104,"column":29}},"loc":{"start":{"line":104,"column":38},"end":{"line":104,"column":65}},"line":104}},"branchMap":{"0":{"loc":{"start":{"line":29,"column":8},"end":{"line":32,"column":9}},"type":"if","locations":[{"start":{"line":29,"column":8},"end":{"line":32,"column":9}},{"start":{},"end":{}}],"line":29},"1":{"loc":{"start":{"line":59,"column":7},"end":{"line":71,"column":8}},"type":"binary-expr","locations":[{"start":{"line":59,"column":7},"end":{"line":59,"column":20}},{"start":{"line":59,"column":24},"end":{"line":71,"column":8}}],"line":59},"2":{"loc":{"start":{"line":65,"column":11},"end":{"line":69,"column":12}},"type":"binary-expr","locations":[{"start":{"line":65,"column":11},"end":{"line":65,"column":28}},{"start":{"line":65,"column":32},"end":{"line":69,"column":12}}],"line":65},"3":{"loc":{"start":{"line":94,"column":9},"end":{"line":109,"column":9}},"type":"cond-expr","locations":[{"start":{"line":95,"column":10},"end":{"line":95,"column":60}},{"start":{"line":97,"column":10},"end":{"line":108,"column":13}}],"line":94},"4":{"loc":{"start":{"line":99,"column":13},"end":{"line":99,"column":87}},"type":"cond-expr","locations":[{"start":{"line":99,"column":28},"end":{"line":99,"column":80}},{"start":{"line":99,"column":83},"end":{"line":99,"column":87}}],"line":99}},"s":{"0":0,"1":0,"2":0,"3":0,"4":0,"5":0,"6":0,"7":0,"8":0,"9":0,"10":0,"11":0,"12":0,"13":0,"14":0,"15":0,"16":0,"17":0,"18":0,"19":0,"20":0,"21":0},"f":{"0":0,"1":0,"2":0,"3":0,"4":0,"5":0,"6":0,"7":0},"b":{"0":[0,0],"1":[0,0],"2":[0,0],"3":[0,0],"4":[0,0]},"_coverageSchema":"1a1c01bbd47fc00a2c39e90264f33305004495a9","hash":"afc5ed086e58ca1ed2b30252b8fae2c37556ed3d"}
,"C:\\Users\\wbrob\\Desktop\\CS498 Proj\\Placenet-App-Frontend\\app\\sign_in.tsx": {"path":"C:\\Users\\wbrob\\Desktop\\CS498 Proj\\Placenet-App-Frontend\\app\\sign_in.tsx","statementMap":{"0":{"start":{"line":20,"column":17},"end":{"line":20,"column":28}},"1":{"start":{"line":21,"column":35},"end":{"line":21,"column":53}},"2":{"start":{"line":22,"column":39},"end":{"line":22,"column":57}},"3":{"start":{"line":23,"column":42},"end":{"line":23,"column":60}},"4":{"start":{"line":27,"column":4},"end":{"line":49,"column":5}},"5":{"start":{"line":29,"column":23},"end":{"line":29,"column":76}},"6":{"start":{"line":30,"column":20},"end":{"line":30,"column":39}},"7":{"start":{"line":31,"column":21},"end":{"line":31,"column":41}},"8":{"start":{"line":34,"column":6},"end":{"line":34,"column":57}},"9":{"start":{"line":35,"column":6},"end":{"line":35,"column":63}},"10":{"start":{"line":37,"column":26},"end":{"line":37,"column":69}},"11":{"start":{"line":38,"column":6},"end":{"line":42,"column":5}},"12":{"start":{"line":41,"column":6},"end":{"line":41,"column":59}},"13":{"start":{"line":44,"column":6},"end":{"line":44,"column":26}},"14":{"start":{"line":45,"column":6},"end":{"line":45,"column":37}},"15":{"start":{"line":47,"column":6},"end":{"line":47,"column":57}},"16":{"start":{"line":48,"column":6},"end":{"line":48,"column":43}},"17":{"start":{"line":52,"column":2},"end":{"line":92,"column":4}},"18":{"start":{"line":85,"column":27},"end":{"line":85,"column":50}}},"fnMap":{"0":{"name":"LoginPage","decl":{"start":{"line":19,"column":24},"end":{"line":19,"column":33}},"loc":{"start":{"line":19,"column":36},"end":{"line":93,"column":1}},"line":19},"1":{"name":"handleSubmit","decl":{"start":{"line":25,"column":17},"end":{"line":25,"column":29}},"loc":{"start":{"line":25,"column":32},"end":{"line":50,"column":3}},"line":25},"2":{"name":"(anonymous_2)","decl":{"start":{"line":85,"column":21},"end":{"line":85,"column":22}},"loc":{"start":{"line":85,"column":27},"end":{"line":85,"column":50}},"line":85}},"branchMap":{"0":{"loc":{"start":{"line":38,"column":6},"end":{"line":42,"column":5}},"type":"if","locations":[{"start":{"line":38,"column":6},"end":{"line":42,"column":5}},{"start":{"line":40,"column":11},"end":{"line":42,"column":5}}],"line":38},"1":{"loc":{"start":{"line":75,"column":9},"end":{"line":75,"column":83}},"type":"cond-expr","locations":[{"start":{"line":75,"column":24},"end":{"line":75,"column":76}},{"start":{"line":75,"column":79},"end":{"line":75,"column":83}}],"line":75}},"s":{"0":2,"1":2,"2":2,"3":2,"4":0,"5":0,"6":0,"7":0,"8":0,"9":0,"10":0,"11":0,"12":0,"13":0,"14":0,"15":0,"16":0,"17":2,"18":1},"f":{"0":2,"1":0,"2":1},"b":{"0":[0,0],"1":[0,2]},"_coverageSchema":"1a1c01bbd47fc00a2c39e90264f33305004495a9","hash":"04099daa237820e0252c44ad5a33b15c09e1d133"}
,"C:\\Users\\wbrob\\Desktop\\CS498 Proj\\Placenet-App-Frontend\\app\\sign_up.tsx": {"path":"C:\\Users\\wbrob\\Desktop\\CS498 Proj\\Placenet-App-Frontend\\app\\sign_up.tsx","statementMap":{"0":{"start":{"line":20,"column":17},"end":{"line":20,"column":28}},"1":{"start":{"line":21,"column":39},"end":{"line":21,"column":57}},"2":{"start":{"line":22,"column":39},"end":{"line":22,"column":57}},"3":{"start":{"line":23,"column":53},"end":{"line":23,"column":71}},"4":{"start":{"line":24,"column":42},"end":{"line":24,"column":60}},"5":{"start":{"line":29,"column":4},"end":{"line":32,"column":5}},"6":{"start":{"line":30,"column":6},"end":{"line":30,"column":49}},"7":{"start":{"line":31,"column":6},"end":{"line":31,"column":13}},"8":{"start":{"line":34,"column":4},"end":{"line":46,"column":5}},"9":{"start":{"line":35,"column":23},"end":{"line":35,"column":79}},"10":{"start":{"line":37,"column":6},"end":{"line":43,"column":7}},"11":{"start":{"line":39,"column":8},"end":{"line":39,"column":28}},"12":{"start":{"line":40,"column":8},"end":{"line":42,"column":11}},"13":{"start":{"line":41,"column":39},"end":{"line":41,"column":62}},"14":{"start":{"line":45,"column":6},"end":{"line":45,"column":64}},"15":{"start":{"line":49,"column":2},"end":{"line":92,"column":4}},"16":{"start":{"line":85,"column":27},"end":{"line":85,"column":50}}},"fnMap":{"0":{"name":"SignUpPage","decl":{"start":{"line":19,"column":24},"end":{"line":19,"column":34}},"loc":{"start":{"line":19,"column":37},"end":{"line":93,"column":1}},"line":19},"1":{"name":"handleSignUp","decl":{"start":{"line":28,"column":17},"end":{"line":28,"column":29}},"loc":{"start":{"line":28,"column":32},"end":{"line":47,"column":3}},"line":28},"2":{"name":"(anonymous_2)","decl":{"start":{"line":41,"column":33},"end":{"line":41,"column":34}},"loc":{"start":{"line":41,"column":39},"end":{"line":41,"column":62}},"line":41},"3":{"name":"(anonymous_3)","decl":{"start":{"line":85,"column":21},"end":{"line":85,"column":22}},"loc":{"start":{"line":85,"column":27},"end":{"line":85,"column":50}},"line":85}},"branchMap":{"0":{"loc":{"start":{"line":29,"column":4},"end":{"line":32,"column":5}},"type":"if","locations":[{"start":{"line":29,"column":4},"end":{"line":32,"column":5}},{"start":{},"end":{}}],"line":29},"1":{"loc":{"start":{"line":37,"column":6},"end":{"line":43,"column":7}},"type":"if","locations":[{"start":{"line":37,"column":6},"end":{"line":43,"column":7}},{"start":{},"end":{}}],"line":37},"2":{"loc":{"start":{"line":77,"column":9},"end":{"line":77,"column":83}},"type":"cond-expr","locations":[{"start":{"line":77,"column":24},"end":{"line":77,"column":76}},{"start":{"line":77,"column":79},"end":{"line":77,"column":83}}],"line":77}},"s":{"0":5,"1":5,"2":5,"3":5,"4":5,"5":1,"6":1,"7":1,"8":0,"9":0,"10":0,"11":0,"12":0,"13":0,"14":0,"15":5,"16":0},"f":{"0":5,"1":1,"2":0,"3":0},"b":{"0":[1,0],"1":[0,0],"2":[1,4]},"_coverageSchema":"1a1c01bbd47fc00a2c39e90264f33305004495a9","hash":"090c8ac21f5a7d1401bc47e156d8b659489d8e6d"}
,"C:\\Users\\wbrob\\Desktop\\CS498 Proj\\Placenet-App-Frontend\\assets\\placenet.png": {"path":"C:\\Users\\wbrob\\Desktop\\CS498 Proj\\Placenet-App-Frontend\\assets\\placenet.png","statementMap":{"0":{"start":{"line":1,"column":0},"end":{"line":4,"column":6}}},"fnMap":{},"branchMap":{},"s":{"0":5},"f":{},"b":{},"_coverageSchema":"1a1c01bbd47fc00a2c39e90264f33305004495a9","hash":"86a244ed926dcc24e3501e466f31ede9204db505"}
,"C:\\Users\\wbrob\\Desktop\\CS498 Proj\\Placenet-App-Frontend\\components\\ThemedText.tsx": {"path":"C:\\Users\\wbrob\\Desktop\\CS498 Proj\\Placenet-App-Frontend\\components\\ThemedText.tsx","statementMap":{"0":{"start":{"line":18,"column":16},"end":{"line":18,"column":77}},"1":{"start":{"line":20,"column":2},"end":{"line":33,"column":4}},"2":{"start":{"line":36,"column":15},"end":{"line":60,"column":2}}},"fnMap":{"0":{"name":"ThemedText","decl":{"start":{"line":11,"column":16},"end":{"line":11,"column":26}},"loc":{"start":{"line":17,"column":20},"end":{"line":34,"column":1}},"line":17}},"branchMap":{"0":{"loc":{"start":{"line":15,"column":2},"end":{"line":15,"column":18}},"type":"default-arg","locations":[{"start":{"line":15,"column":9},"end":{"line":15,"column":18}}],"line":15},"1":{"loc":{"start":{"line":24,"column":8},"end":{"line":24,"column":55}},"type":"cond-expr","locations":[{"start":{"line":24,"column":29},"end":{"line":24,"column":43}},{"start":{"line":24,"column":46},"end":{"line":24,"column":55}}],"line":24},"2":{"loc":{"start":{"line":25,"column":8},"end":{"line":25,"column":51}},"type":"cond-expr","locations":[{"start":{"line":25,"column":27},"end":{"line":25,"column":39}},{"start":{"line":25,"column":42},"end":{"line":25,"column":51}}],"line":25},"3":{"loc":{"start":{"line":26,"column":8},"end":{"line":26,"column":71}},"type":"cond-expr","locations":[{"start":{"line":26,"column":37},"end":{"line":26,"column":59}},{"start":{"line":26,"column":62},"end":{"line":26,"column":71}}],"line":26},"4":{"loc":{"start":{"line":27,"column":8},"end":{"line":27,"column":57}},"type":"cond-expr","locations":[{"start":{"line":27,"column":30},"end":{"line":27,"column":45}},{"start":{"line":27,"column":48},"end":{"line":27,"column":57}}],"line":27},"5":{"loc":{"start":{"line":28,"column":8},"end":{"line":28,"column":49}},"type":"cond-expr","locations":[{"start":{"line":28,"column":26},"end":{"line":28,"column":37}},{"start":{"line":28,"column":40},"end":{"line":28,"column":49}}],"line":28}},"s":{"0":1,"1":1,"2":1},"f":{"0":1},"b":{"0":[1],"1":[1,0],"2":[0,1],"3":[0,1],"4":[0,1],"5":[0,1]},"_coverageSchema":"1a1c01bbd47fc00a2c39e90264f33305004495a9","hash":"47cc9a8f087006f9e4ca15d1b6cf2a3c2ce112d8"}
,"C:\\Users\\wbrob\\Desktop\\CS498 Proj\\Placenet-App-Frontend\\constants\\Colors.ts": {"path":"C:\\Users\\wbrob\\Desktop\\CS498 Proj\\Placenet-App-Frontend\\constants\\Colors.ts","statementMap":{"0":{"start":{"line":6,"column":23},"end":{"line":6,"column":32}},"1":{"start":{"line":7,"column":22},"end":{"line":7,"column":28}},"2":{"start":{"line":9,"column":22},"end":{"line":26,"column":1}}},"fnMap":{},"branchMap":{},"s":{"0":1,"1":1,"2":1},"f":{},"b":{},"_coverageSchema":"1a1c01bbd47fc00a2c39e90264f33305004495a9","hash":"11a7d4c5e455cbd9796c1e4ba34611b750ed73a7"}
,"C:\\Users\\wbrob\\Desktop\\CS498 Proj\\Placenet-App-Frontend\\hooks\\useThemeColor.ts": {"path":"C:\\Users\\wbrob\\Desktop\\CS498 Proj\\Placenet-App-Frontend\\hooks\\useThemeColor.ts","statementMap":{"0":{"start":{"line":14,"column":16},"end":{"line":14,"column":43}},"1":{"start":{"line":15,"column":25},"end":{"line":15,"column":37}},"2":{"start":{"line":17,"column":2},"end":{"line":21,"column":3}},"3":{"start":{"line":18,"column":4},"end":{"line":18,"column":26}},"4":{"start":{"line":20,"column":4},"end":{"line":20,"column":36}}},"fnMap":{"0":{"name":"useThemeColor","decl":{"start":{"line":10,"column":16},"end":{"line":10,"column":29}},"loc":{"start":{"line":13,"column":2},"end":{"line":22,"column":1}},"line":13}},"branchMap":{"0":{"loc":{"start":{"line":14,"column":16},"end":{"line":14,"column":43}},"type":"binary-expr","locations":[{"start":{"line":14,"column":16},"end":{"line":14,"column":32}},{"start":{"line":14,"column":36},"end":{"line":14,"column":43}}],"line":14},"1":{"loc":{"start":{"line":17,"column":2},"end":{"line":21,"column":3}},"type":"if","locations":[{"start":{"line":17,"column":2},"end":{"line":21,"column":3}},{"start":{"line":19,"column":9},"end":{"line":21,"column":3}}],"line":17}},"s":{"0":1,"1":1,"2":1,"3":0,"4":1},"f":{"0":1},"b":{"0":[1,0],"1":[0,1]},"_coverageSchema":"1a1c01bbd47fc00a2c39e90264f33305004495a9","hash":"ffe63703f730e3ee1b8b1104005d3e595ad8547b"}
,"C:\\Users\\wbrob\\Desktop\\CS498 Proj\\Placenet-App-Frontend\\styles\\documentStyles.js": {"path":"C:\\Users\\wbrob\\Desktop\\CS498 Proj\\Placenet-App-Frontend\\styles\\documentStyles.js","statementMap":{},"fnMap":{},"branchMap":{},"s":{},"f":{},"b":{},"_coverageSchema":"1a1c01bbd47fc00a2c39e90264f33305004495a9","hash":"bf6fcc07edb3546ffc25f2b46c6e9da77a39bdf0"}
,"C:\\Users\\wbrob\\Desktop\\CS498 Proj\\Placenet-App-Frontend\\styles\\indexStyles.js": {"path":"C:\\Users\\wbrob\\Desktop\\CS498 Proj\\Placenet-App-Frontend\\styles\\indexStyles.js","statementMap":{},"fnMap":{},"branchMap":{},"s":{},"f":{},"b":{},"_coverageSchema":"1a1c01bbd47fc00a2c39e90264f33305004495a9","hash":"a65184c37d1019cb3d07199d4b24ad1ad0f14996"}
,"C:\\Users\\wbrob\\Desktop\\CS498 Proj\\Placenet-App-Frontend\\styles\\listing_summariesStyles.js": {"path":"C:\\Users\\wbrob\\Desktop\\CS498 Proj\\Placenet-App-Frontend\\styles\\listing_summariesStyles.js","statementMap":{},"fnMap":{},"branchMap":{},"s":{},"f":{},"b":{},"_coverageSchema":"1a1c01bbd47fc00a2c39e90264f33305004495a9","hash":"fc49961b2f11e06c16df6beb317b7a1eb531191b"}
,"C:\\Users\\wbrob\\Desktop\\CS498 Proj\\Placenet-App-Frontend\\styles\\mainStyles.js": {"path":"C:\\Users\\wbrob\\Desktop\\CS498 Proj\\Placenet-App-Frontend\\styles\\mainStyles.js","statementMap":{},"fnMap":{},"branchMap":{},"s":{},"f":{},"b":{},"_coverageSchema":"1a1c01bbd47fc00a2c39e90264f33305004495a9","hash":"982bed5b2085e9e9f13b0222f56966160c6342e4"}
,"C:\\Users\\wbrob\\Desktop\\CS498 Proj\\Placenet-App-Frontend\\styles\\navigation_barStyles.js": {"path":"C:\\Users\\wbrob\\Desktop\\CS498 Proj\\Placenet-App-Frontend\\styles\\navigation_barStyles.js","statementMap":{},"fnMap":{},"branchMap":{},"s":{},"f":{},"b":{},"_coverageSchema":"1a1c01bbd47fc00a2c39e90264f33305004495a9","hash":"ff6361f8ec36a2a93be0a7573036b535af2ae5ef"}
,"C:\\Users\\wbrob\\Desktop\\CS498 Proj\\Placenet-App-Frontend\\styles\\projectStyles.js": {"path":"C:\\Users\\wbrob\\Desktop\\CS498 Proj\\Placenet-App-Frontend\\styles\\projectStyles.js","statementMap":{},"fnMap":{},"branchMap":{},"s":{},"f":{},"b":{},"_coverageSchema":"1a1c01bbd47fc00a2c39e90264f33305004495a9","hash":"c6289ce73b641709f568f1bfa751bb418c45be74"}
,"C:\\Users\\wbrob\\Desktop\\CS498 Proj\\Placenet-App-Frontend\\styles\\propertyStyles.js": {"path":"C:\\Users\\wbrob\\Desktop\\CS498 Proj\\Placenet-App-Frontend\\styles\\propertyStyles.js","statementMap":{},"fnMap":{},"branchMap":{},"s":{},"f":{},"b":{},"_coverageSchema":"1a1c01bbd47fc00a2c39e90264f33305004495a9","hash":"890b9fd984deb1498c5d400f12d39d90c26baeb2"}
,"C:\\Users\\wbrob\\Desktop\\CS498 Proj\\Placenet-App-Frontend\\styles\\property_summaryStyle.js": {"path":"C:\\Users\\wbrob\\Desktop\\CS498 Proj\\Placenet-App-Frontend\\styles\\property_summaryStyle.js","statementMap":{},"fnMap":{},"branchMap":{},"s":{},"f":{},"b":{},"_coverageSchema":"1a1c01bbd47fc00a2c39e90264f33305004495a9","hash":"3dcb9a73cb1b4e71276dc87f8ec8fee12339b363"}
,"C:\\Users\\wbrob\\Desktop\\CS498 Proj\\Placenet-App-Frontend\\styles\\sign_inStyles.js": {"path":"C:\\Users\\wbrob\\Desktop\\CS498 Proj\\Placenet-App-Frontend\\styles\\sign_inStyles.js","statementMap":{},"fnMap":{},"branchMap":{},"s":{},"f":{},"b":{},"_coverageSchema":"1a1c01bbd47fc00a2c39e90264f33305004495a9","hash":"9ddc2bbcb5c8f742ba22c5a8b191d0054cd77f05"}
,"C:\\Users\\wbrob\\Desktop\\CS498 Proj\\Placenet-App-Frontend\\styles\\sign_upStyles.js": {"path":"C:\\Users\\wbrob\\Desktop\\CS498 Proj\\Placenet-App-Frontend\\styles\\sign_upStyles.js","statementMap":{},"fnMap":{},"branchMap":{},"s":{},"f":{},"b":{},"_coverageSchema":"1a1c01bbd47fc00a2c39e90264f33305004495a9","hash":"d8feb95223abde23debd73a6d90efe3e7855223d"}
}
