TN:
SF:API\api.js
FN:17,(anonymous_0)
FN:26,(anonymous_1)
FN:33,(anonymous_2)
FN:34,(anonymous_3)
FNF:4
FNH:2
FNDA:1,(anonymous_0)
FNDA:0,(anonymous_1)
FNDA:0,(anonymous_2)
FNDA:1,(anonymous_3)
DA:9,4
DA:17,4
DA:18,1
DA:19,1
DA:20,1
DA:21,1
DA:23,0
DA:25,1
DA:27,0
DA:32,4
DA:33,0
DA:35,1
DA:36,1
DA:37,1
DA:38,1
DA:39,1
DA:40,1
DA:41,1
DA:42,1
DA:43,1
DA:44,1
DA:46,0
DA:52,0
DA:53,0
DA:55,0
DA:57,0
LF:26
LH:18
BRDA:19,0,0,1
BRDA:19,0,1,0
BRDA:35,1,0,1
BRDA:35,1,1,0
BRDA:36,2,0,1
BRDA:36,2,1,0
BRDA:36,3,0,1
BRDA:36,3,1,0
BRDA:38,4,0,1
BRDA:38,4,1,0
BRDA:38,5,0,1
BRDA:38,5,1,1
BRDA:52,6,0,0
BRDA:52,6,1,0
BRF:14
BRH:7
end_of_record
TN:
SF:app\document.tsx
FN:24,(anonymous_0)
FN:30,(anonymous_1)
FN:31,(anonymous_2)
FN:43,(anonymous_3)
FN:53,(anonymous_4)
FN:59,(anonymous_5)
FN:69,(anonymous_6)
FN:81,(anonymous_7)
FN:116,(anonymous_8)
FN:133,(anonymous_9)
FN:152,(anonymous_10)
FN:154,(anonymous_11)
FN:160,(anonymous_12)
FN:182,(anonymous_13)
FN:183,(anonymous_14)
FN:186,(anonymous_15)
FN:204,(anonymous_16)
FN:205,(anonymous_17)
FN:208,(anonymous_18)
FN:211,(anonymous_19)
FNF:20
FNH:15
FNDA:7,(anonymous_0)
FNDA:2,(anonymous_1)
FNDA:2,(anonymous_2)
FNDA:1,(anonymous_3)
FNDA:1,(anonymous_4)
FNDA:1,(anonymous_5)
FNDA:1,(anonymous_6)
FNDA:1,(anonymous_7)
FNDA:0,(anonymous_8)
FNDA:0,(anonymous_9)
FNDA:7,(anonymous_10)
FNDA:5,(anonymous_11)
FNDA:1,(anonymous_12)
FNDA:2,(anonymous_13)
FNDA:1,(anonymous_14)
FNDA:0,(anonymous_15)
FNDA:3,(anonymous_16)
FNDA:2,(anonymous_17)
FNDA:0,(anonymous_18)
FNDA:0,(anonymous_19)
DA:24,2
DA:25,7
DA:26,7
DA:27,7
DA:28,7
DA:30,7
DA:31,2
DA:32,2
DA:33,2
DA:34,2
DA:36,0
DA:40,2
DA:43,7
DA:44,1
DA:45,1
DA:46,1
DA:48,0
DA:53,7
DA:54,1
DA:55,1
DA:56,1
DA:59,7
DA:60,1
DA:61,0
DA:62,0
DA:65,1
DA:66,1
DA:67,1
DA:68,1
DA:69,1
DA:81,7
DA:82,1
DA:83,0
DA:84,0
DA:87,1
DA:88,1
DA:89,1
DA:90,1
DA:95,0
DA:97,0
DA:106,0
DA:107,0
DA:108,0
DA:111,1
DA:116,7
DA:117,0
DA:118,0
DA:119,0
DA:121,0
DA:122,0
DA:124,0
DA:128,0
DA:133,7
DA:134,0
DA:135,0
DA:136,0
DA:137,0
DA:139,0
DA:144,7
DA:152,7
DA:155,5
DA:160,1
DA:182,2
DA:184,1
DA:186,0
DA:204,3
DA:206,2
DA:208,0
DA:211,0
LF:69
LH:43
BRDA:60,0,0,0
BRDA:60,0,1,1
BRDA:67,1,0,1
BRDA:67,1,1,0
BRDA:82,2,0,0
BRDA:82,2,1,1
BRDA:121,3,0,0
BRDA:121,3,1,0
BRDA:158,4,0,5
BRDA:158,4,1,3
BRDA:168,5,0,7
BRDA:168,5,1,3
BRDA:194,6,0,7
BRDA:194,6,1,1
BRDA:201,7,0,7
BRDA:201,7,1,3
BRF:16
BRH:11
end_of_record
TN:
SF:app\index.tsx
FN:15,IndexPage
FN:26,(anonymous_1)
FN:32,(anonymous_2)
FNF:3
FNH:3
FNDA:3,IndexPage
FNDA:1,(anonymous_1)
FNDA:1,(anonymous_2)
DA:16,3
DA:18,3
DA:26,1
DA:32,1
LF:4
LH:4
BRF:0
BRH:0
end_of_record
TN:
SF:app\listing_summaries.tsx
FN:22,ListingSummariesPage
FN:27,(anonymous_1)
FN:29,fetchProfileSummary
FN:66,(anonymous_3)
FN:72,(anonymous_4)
FN:78,(anonymous_5)
FN:109,(anonymous_6)
FNF:7
FNH:0
FNDA:0,ListingSummariesPage
FNDA:0,(anonymous_1)
FNDA:0,fetchProfileSummary
FNDA:0,(anonymous_3)
FNDA:0,(anonymous_4)
FNDA:0,(anonymous_5)
FNDA:0,(anonymous_6)
DA:23,0
DA:24,0
DA:25,0
DA:27,0
DA:30,0
DA:31,0
DA:32,0
DA:33,0
DA:34,0
DA:37,0
DA:38,0
DA:39,0
DA:40,0
DA:42,0
DA:43,0
DA:44,0
DA:45,0
DA:53,0
DA:54,0
DA:57,0
DA:58,0
DA:62,0
DA:66,0
DA:67,0
DA:73,0
DA:79,0
DA:88,0
DA:109,0
LF:28
LH:0
BRDA:32,0,0,0
BRDA:32,0,1,0
BRDA:72,1,0,0
BRDA:72,1,1,0
BRDA:78,2,0,0
BRDA:78,2,1,0
BRDA:99,3,0,0
BRDA:99,3,1,0
BRDA:104,4,0,0
BRDA:104,4,1,0
BRF:10
BRH:0
end_of_record
TN:
SF:app\main.tsx
FN:15,MainMenu
FN:29,(anonymous_1)
FN:36,(anonymous_2)
FN:43,(anonymous_3)
FN:50,(anonymous_4)
FN:57,(anonymous_5)
FNF:6
FNH:6
FNDA:3,MainMenu
FNDA:1,(anonymous_1)
FNDA:1,(anonymous_2)
FNDA:1,(anonymous_3)
FNDA:1,(anonymous_4)
FNDA:1,(anonymous_5)
DA:16,3
DA:18,3
DA:29,1
DA:36,1
DA:43,1
DA:50,1
DA:57,1
LF:7
LH:7
BRF:0
BRH:0
end_of_record
TN:
SF:app\navigation_bar.tsx
FN:27,MainContainer
FN:32,(anonymous_1)
FN:33,(anonymous_2)
FNF:3
FNH:3
FNDA:1,MainContainer
FNDA:6,(anonymous_1)
FNDA:12,(anonymous_2)
DA:18,1
DA:19,1
DA:20,1
DA:21,1
DA:22,1
DA:23,1
DA:25,1
DA:28,1
DA:32,6
DA:35,12
DA:38,12
DA:39,2
DA:46,10
DA:47,2
DA:49,10
DA:50,2
DA:52,10
DA:53,2
DA:55,10
DA:56,2
DA:58,10
DA:59,2
DA:62,10
LF:23
LH:23
BRDA:38,0,0,2
BRDA:38,0,1,10
BRDA:41,1,0,1
BRDA:41,1,1,1
BRDA:46,2,0,2
BRDA:46,2,1,8
BRDA:47,3,0,1
BRDA:47,3,1,1
BRDA:49,4,0,2
BRDA:49,4,1,8
BRDA:50,5,0,1
BRDA:50,5,1,1
BRDA:52,6,0,2
BRDA:52,6,1,8
BRDA:53,7,0,1
BRDA:53,7,1,1
BRDA:55,8,0,2
BRDA:55,8,1,8
BRDA:56,9,0,1
BRDA:56,9,1,1
BRDA:58,10,0,2
BRDA:58,10,1,8
BRDA:59,11,0,1
BRDA:59,11,1,1
BRF:24
BRH:24
end_of_record
TN:
SF:app\project.tsx
FN:36,(anonymous_0)
FN:46,(anonymous_1)
FN:51,(anonymous_2)
FN:61,(anonymous_3)
FN:73,(anonymous_4)
FN:83,(anonymous_5)
FN:96,(anonymous_6)
FN:120,(anonymous_7)
FN:151,(anonymous_8)
FN:155,(anonymous_9)
FN:162,(anonymous_10)
FN:170,(anonymous_11)
FN:177,(anonymous_12)
FN:191,(anonymous_13)
FN:192,(anonymous_14)
FN:198,(anonymous_15)
FN:226,(anonymous_16)
FN:236,(anonymous_17)
FN:251,(anonymous_18)
FN:252,(anonymous_19)
FN:259,(anonymous_20)
FN:262,(anonymous_21)
FNF:22
FNH:0
FNDA:0,(anonymous_0)
FNDA:0,(anonymous_1)
FNDA:0,(anonymous_2)
FNDA:0,(anonymous_3)
FNDA:0,(anonymous_4)
FNDA:0,(anonymous_5)
FNDA:0,(anonymous_6)
FNDA:0,(anonymous_7)
FNDA:0,(anonymous_8)
FNDA:0,(anonymous_9)
FNDA:0,(anonymous_10)
FNDA:0,(anonymous_11)
FNDA:0,(anonymous_12)
FNDA:0,(anonymous_13)
FNDA:0,(anonymous_14)
FNDA:0,(anonymous_15)
FNDA:0,(anonymous_16)
FNDA:0,(anonymous_17)
FNDA:0,(anonymous_18)
FNDA:0,(anonymous_19)
FNDA:0,(anonymous_20)
FNDA:0,(anonymous_21)
DA:36,2
DA:37,0
DA:38,0
DA:39,0
DA:40,0
DA:41,0
DA:42,0
DA:43,0
DA:44,0
DA:46,0
DA:47,0
DA:48,0
DA:51,0
DA:52,0
DA:53,0
DA:54,0
DA:56,0
DA:61,0
DA:62,0
DA:63,0
DA:64,0
DA:65,0
DA:68,0
DA:73,0
DA:74,0
DA:75,0
DA:76,0
DA:78,0
DA:83,0
DA:84,0
DA:85,0
DA:86,0
DA:88,0
DA:89,0
DA:91,0
DA:96,0
DA:97,0
DA:98,0
DA:99,0
DA:106,0
DA:107,0
DA:108,0
DA:109,0
DA:110,0
DA:113,0
DA:116,0
DA:120,0
DA:123,0
DA:124,0
DA:125,0
DA:135,0
DA:137,0
DA:138,0
DA:139,0
DA:140,0
DA:141,0
DA:144,0
DA:147,0
DA:151,0
DA:152,0
DA:153,0
DA:154,0
DA:155,0
DA:157,0
DA:162,0
DA:163,0
DA:164,0
DA:165,0
DA:166,0
DA:170,0
DA:171,0
DA:172,0
DA:173,0
DA:174,0
DA:177,0
DA:178,0
DA:179,0
DA:180,0
DA:184,0
DA:191,0
DA:193,0
DA:198,0
DA:226,0
DA:236,0
DA:251,0
DA:253,0
DA:259,0
DA:262,0
LF:88
LH:1
BRDA:64,0,0,0
BRDA:64,0,1,0
BRDA:97,1,0,0
BRDA:97,1,1,0
BRDA:97,2,0,0
BRDA:97,2,1,0
BRDA:97,2,2,0
BRDA:97,2,3,0
BRDA:123,3,0,0
BRDA:123,3,1,0
BRDA:123,4,0,0
BRDA:123,4,1,0
BRDA:123,4,2,0
BRDA:123,4,3,0
BRDA:123,4,4,0
BRDA:179,5,0,0
BRDA:179,5,1,0
BRDA:196,6,0,0
BRDA:196,6,1,0
BRDA:205,7,0,0
BRDA:205,7,1,0
BRDA:228,8,0,0
BRDA:228,8,1,0
BRDA:240,9,0,0
BRDA:240,9,1,0
BRDA:241,10,0,0
BRDA:241,10,1,0
BRDA:246,11,0,0
BRDA:246,11,1,0
BRDA:246,11,2,0
BRF:30
BRH:0
end_of_record
TN:
SF:app\property.tsx
FN:28,(anonymous_0)
FN:37,(anonymous_1)
FN:46,(anonymous_2)
FN:51,(anonymous_3)
FN:60,(anonymous_4)
FN:88,(anonymous_5)
FN:100,(anonymous_6)
FN:110,(anonymous_7)
FN:168,(anonymous_8)
FN:169,(anonymous_9)
FN:174,(anonymous_10)
FN:180,(anonymous_11)
FNF:12
FNH:7
FNDA:11,(anonymous_0)
FNDA:1,(anonymous_1)
FNDA:1,(anonymous_2)
FNDA:1,(anonymous_3)
FNDA:1,(anonymous_4)
FNDA:0,(anonymous_5)
FNDA:0,(anonymous_6)
FNDA:0,(anonymous_7)
FNDA:6,(anonymous_8)
FNDA:5,(anonymous_9)
FNDA:0,(anonymous_10)
FNDA:0,(anonymous_11)
DA:28,2
DA:29,11
DA:30,11
DA:31,11
DA:32,11
DA:33,11
DA:34,11
DA:37,11
DA:38,1
DA:39,1
DA:40,0
DA:42,1
DA:46,11
DA:47,1
DA:51,11
DA:52,1
DA:53,1
DA:54,1
DA:55,1
DA:56,1
DA:60,11
DA:61,1
DA:62,1
DA:64,1
DA:66,0
DA:69,1
DA:70,1
DA:73,1
DA:74,1
DA:76,0
DA:80,1
DA:82,0
DA:88,11
DA:89,0
DA:90,0
DA:91,0
DA:92,0
DA:94,0
DA:100,11
DA:101,0
DA:102,0
DA:103,0
DA:104,0
DA:105,0
DA:106,0
DA:110,11
DA:111,0
DA:112,0
DA:113,0
DA:114,0
DA:116,0
DA:121,11
DA:168,6
DA:170,5
DA:174,0
DA:180,0
LF:56
LH:34
BRDA:61,0,0,1
BRDA:61,0,1,0
BRDA:61,1,0,1
BRDA:61,1,1,1
BRDA:61,1,2,1
BRDA:61,1,3,1
BRDA:64,2,0,0
BRDA:64,2,1,1
BRDA:158,3,0,0
BRDA:158,3,1,11
BRDA:163,4,0,11
BRDA:163,4,1,6
BRF:12
BRH:9
end_of_record
TN:
SF:app\property_summary.tsx
FN:19,PropertySummaryPage
FN:24,(anonymous_1)
FN:26,fetchProfileSummary
FN:53,(anonymous_3)
FN:59,(anonymous_4)
FN:65,(anonymous_5)
FN:88,(anonymous_6)
FN:108,(anonymous_7)
FNF:8
FNH:0
FNDA:0,PropertySummaryPage
FNDA:0,(anonymous_1)
FNDA:0,fetchProfileSummary
FNDA:0,(anonymous_3)
FNDA:0,(anonymous_4)
FNDA:0,(anonymous_5)
FNDA:0,(anonymous_6)
FNDA:0,(anonymous_7)
DA:20,0
DA:21,0
DA:22,0
DA:24,0
DA:27,0
DA:28,0
DA:29,0
DA:30,0
DA:31,0
DA:34,0
DA:40,0
DA:41,0
DA:44,0
DA:45,0
DA:49,0
DA:53,0
DA:54,0
DA:60,0
DA:66,0
DA:75,0
DA:88,0
DA:108,0
LF:22
LH:0
BRDA:29,0,0,0
BRDA:29,0,1,0
BRDA:59,1,0,0
BRDA:59,1,1,0
BRDA:65,2,0,0
BRDA:65,2,1,0
BRDA:94,3,0,0
BRDA:94,3,1,0
BRDA:103,4,0,0
BRDA:103,4,1,0
BRF:10
BRH:0
end_of_record
TN:
SF:app\settings_page.tsx
FN:16,Settings
FN:25,(anonymous_1)
FNF:2
FNH:1
FNDA:1,Settings
FNDA:0,(anonymous_1)
DA:17,1
DA:19,1
DA:25,0
LF:3
LH:2
BRF:0
BRH:0
end_of_record
TN:
SF:app\sign_in.tsx
FN:19,LoginPage
FN:25,handleSubmit
FN:85,(anonymous_2)
FNF:3
FNH:2
FNDA:2,LoginPage
FNDA:0,handleSubmit
FNDA:1,(anonymous_2)
DA:20,2
DA:21,2
DA:22,2
DA:23,2
DA:27,0
DA:29,0
DA:30,0
DA:31,0
DA:34,0
DA:35,0
DA:37,0
DA:38,0
DA:41,0
DA:44,0
DA:45,0
DA:47,0
DA:48,0
DA:52,2
DA:85,1
LF:19
LH:6
BRDA:38,0,0,0
BRDA:38,0,1,0
BRDA:75,1,0,0
BRDA:75,1,1,2
BRF:4
BRH:1
end_of_record
TN:
SF:app\sign_up.tsx
FN:19,SignUpPage
FN:28,handleSignUp
FN:41,(anonymous_2)
FN:85,(anonymous_3)
FNF:4
FNH:2
FNDA:5,SignUpPage
FNDA:1,handleSignUp
FNDA:0,(anonymous_2)
FNDA:0,(anonymous_3)
DA:20,5
DA:21,5
DA:22,5
DA:23,5
DA:24,5
DA:29,1
DA:30,1
DA:31,1
DA:34,0
DA:35,0
DA:37,0
DA:39,0
DA:40,0
DA:41,0
DA:45,0
DA:49,5
DA:85,0
LF:17
LH:9
BRDA:29,0,0,1
BRDA:29,0,1,0
BRDA:37,1,0,0
BRDA:37,1,1,0
BRDA:77,2,0,1
BRDA:77,2,1,4
BRF:6
BRH:3
end_of_record
TN:
SF:assets\placenet.png
FNF:0
FNH:0
DA:1,5
LF:1
LH:1
BRF:0
BRH:0
end_of_record
TN:
SF:components\ThemedText.tsx
FN:10,ThemedText
FNF:1
FNH:1
FNDA:1,ThemedText
DA:17,1
DA:19,1
DA:35,1
LF:3
LH:3
BRDA:14,0,0,1
BRDA:23,1,0,1
BRDA:23,1,1,0
BRDA:24,2,0,0
BRDA:24,2,1,1
BRDA:25,3,0,0
BRDA:25,3,1,1
BRDA:26,4,0,0
BRDA:26,4,1,1
BRDA:27,5,0,0
BRDA:27,5,1,1
BRF:11
BRH:6
end_of_record
TN:
SF:constants\Colors.ts
FNF:0
FNH:0
DA:6,1
DA:7,1
DA:9,1
LF:3
LH:3
BRF:0
BRH:0
end_of_record
TN:
SF:hooks\useThemeColor.ts
FN:10,useThemeColor
FNF:1
FNH:1
FNDA:1,useThemeColor
DA:14,1
DA:15,1
DA:17,1
DA:18,0
DA:20,1
LF:5
LH:4
BRDA:14,0,0,1
BRDA:14,0,1,0
BRDA:17,1,0,0
BRDA:17,1,1,1
BRF:4
BRH:2
end_of_record
TN:
SF:styles\documentStyles.js
FNF:0
FNH:0
LF:0
LH:0
BRF:0
BRH:0
end_of_record
TN:
SF:styles\indexStyles.js
FNF:0
FNH:0
LF:0
LH:0
BRF:0
BRH:0
end_of_record
TN:
SF:styles\listing_summariesStyles.js
FNF:0
FNH:0
LF:0
LH:0
BRF:0
BRH:0
end_of_record
TN:
SF:styles\mainStyles.js
FNF:0
FNH:0
LF:0
LH:0
BRF:0
BRH:0
end_of_record
TN:
SF:styles\navigation_barStyles.js
FNF:0
FNH:0
LF:0
LH:0
BRF:0
BRH:0
end_of_record
TN:
SF:styles\projectStyles.js
FNF:0
FNH:0
LF:0
LH:0
BRF:0
BRH:0
end_of_record
TN:
SF:styles\propertyStyles.js
FNF:0
FNH:0
LF:0
LH:0
BRF:0
BRH:0
end_of_record
TN:
SF:styles\property_summaryStyle.js
FNF:0
FNH:0
LF:0
LH:0
BRF:0
BRH:0
end_of_record
TN:
SF:styles\sign_inStyles.js
FNF:0
FNH:0
LF:0
LH:0
BRF:0
BRH:0
end_of_record
TN:
SF:styles\sign_upStyles.js
FNF:0
FNH:0
LF:0
LH:0
BRF:0
BRH:0
end_of_record
